

Started GET "/" for 127.0.0.1 at 2010-10-05 10:33:17 +0800
  Processing by HomeController#index as HTML
Completed   in 1ms


Started GET "/users/sign_in" for 127.0.0.1 at 2010-10-05 10:33:17 +0800
  Processing by Devise::SessionsController#new as HTML
Rendered /usr/lib/ruby/gems/1.9.1/gems/devise-1.1.3/app/views/devise/shared/_links.erb (2.7ms)
Rendered /usr/lib/ruby/gems/1.9.1/gems/devise-1.1.3/app/views/devise/sessions/new.html.erb within layouts/application (17.9ms)
Completed 200 OK in 76ms (Views: 29.0ms)


Started GET "/" for 127.0.0.1 at 2010-10-05 10:33:31 +0800
  Processing by HomeController#index as HTML
Completed   in 1ms


Started GET "/users/sign_in" for 127.0.0.1 at 2010-10-05 10:33:31 +0800
  Processing by Devise::SessionsController#new as HTML
Rendered /usr/lib/ruby/gems/1.9.1/gems/devise-1.1.3/app/views/devise/shared/_links.erb (3.2ms)
Rendered /usr/lib/ruby/gems/1.9.1/gems/devise-1.1.3/app/views/devise/sessions/new.html.erb within layouts/application (16.7ms)
Completed 200 OK in 37ms (Views: 25.5ms)


Started GET "/users/sign_in" for 127.0.0.1 at 2010-10-05 11:08:56 +0800
  Processing by Devise::SessionsController#new as HTML
Rendered /usr/lib/ruby/gems/1.9.1/gems/devise-1.1.3/app/views/devise/shared/_links.erb (2.7ms)
Rendered /usr/lib/ruby/gems/1.9.1/gems/devise-1.1.3/app/views/devise/sessions/new.html.erb within layouts/application (16.4ms)
Completed 200 OK in 35ms (Views: 25.3ms)


Started GET "/users/sign_in" for 127.0.0.1 at 2010-10-05 11:09:46 +0800
  Processing by Devise::SessionsController#new as HTML
Rendered /usr/lib/ruby/gems/1.9.1/gems/devise-1.1.3/app/views/devise/shared/_links.erb (2.7ms)
Rendered /usr/lib/ruby/gems/1.9.1/gems/devise-1.1.3/app/views/devise/sessions/new.html.erb within layouts/application (15.4ms)
Completed 200 OK in 32ms (Views: 23.6ms)


Started GET "/users/sign_in" for 127.0.0.1 at 2010-10-05 11:09:47 +0800
  Processing by Devise::SessionsController#new as HTML
Rendered /usr/lib/ruby/gems/1.9.1/gems/devise-1.1.3/app/views/devise/shared/_links.erb (3.6ms)
Rendered /usr/lib/ruby/gems/1.9.1/gems/devise-1.1.3/app/views/devise/sessions/new.html.erb within layouts/application (17.4ms)
Completed 200 OK in 36ms (Views: 26.1ms)


Started GET "/users/sign_in" for 127.0.0.1 at 2010-10-05 11:09:53 +0800
  Processing by Devise::SessionsController#new as HTML
Rendered /usr/lib/ruby/gems/1.9.1/gems/devise-1.1.3/app/views/devise/shared/_links.erb (2.9ms)
Rendered /usr/lib/ruby/gems/1.9.1/gems/devise-1.1.3/app/views/devise/sessions/new.html.erb within layouts/application (16.1ms)
Completed 200 OK in 34ms (Views: 25.1ms)


Started POST "/users/sign_in" for 127.0.0.1 at 2010-10-05 11:10:11 +0800
  Processing by Devise::SessionsController#create as HTML
  Parameters: {"utf8"=>"✓", "authenticity_token"=>"upZ1LYINxsNMRLwlijf+Clums2A0TQqy8IjyZzz1R4o=", "user"=>{"email"=>"arthurtemptation@gmail.com", "password"=>"[FILTERED]", "remember_me"=>"0"}, "commit"=>"Sign in"}
Completed   in 74ms
  Processing by Devise::SessionsController#new as HTML
  Parameters: {"utf8"=>"✓", "authenticity_token"=>"upZ1LYINxsNMRLwlijf+Clums2A0TQqy8IjyZzz1R4o=", "user"=>{"email"=>"arthurtemptation@gmail.com", "password"=>"[FILTERED]", "remember_me"=>"0"}, "commit"=>"Sign in"}
Rendered /usr/lib/ruby/gems/1.9.1/gems/devise-1.1.3/app/views/devise/shared/_links.erb (2.9ms)
Rendered /usr/lib/ruby/gems/1.9.1/gems/devise-1.1.3/app/views/devise/sessions/new.html.erb within layouts/application (17.4ms)
Completed 200 OK in 36ms (Views: 25.8ms)


Started POST "/users/sign_in" for 127.0.0.1 at 2010-10-05 11:10:21 +0800
  Processing by Devise::SessionsController#create as HTML
  Parameters: {"utf8"=>"✓", "authenticity_token"=>"upZ1LYINxsNMRLwlijf+Clums2A0TQqy8IjyZzz1R4o=", "user"=>{"email"=>"arthurtemptation@gmail.com", "password"=>"[FILTERED]", "remember_me"=>"0"}, "commit"=>"Sign in"}
Completed   in 2ms
  Processing by Devise::SessionsController#new as HTML
  Parameters: {"utf8"=>"✓", "authenticity_token"=>"upZ1LYINxsNMRLwlijf+Clums2A0TQqy8IjyZzz1R4o=", "user"=>{"email"=>"arthurtemptation@gmail.com", "password"=>"[FILTERED]", "remember_me"=>"0"}, "commit"=>"Sign in"}
Rendered /usr/lib/ruby/gems/1.9.1/gems/devise-1.1.3/app/views/devise/shared/_links.erb (10.3ms)
Rendered /usr/lib/ruby/gems/1.9.1/gems/devise-1.1.3/app/views/devise/sessions/new.html.erb within layouts/application (29.0ms)
Completed 200 OK in 48ms (Views: 37.8ms)


Started GET "/users/sign_up" for 127.0.0.1 at 2010-10-05 11:10:24 +0800
  Processing by Devise::RegistrationsController#new as HTML
Rendered /usr/lib/ruby/gems/1.9.1/gems/devise-1.1.3/app/views/devise/shared/_links.erb (2.7ms)
Rendered /usr/lib/ruby/gems/1.9.1/gems/devise-1.1.3/app/views/devise/registrations/new.html.erb within layouts/application (15.8ms)
Completed 200 OK in 34ms (Views: 25.0ms)


Started POST "/users" for 127.0.0.1 at 2010-10-05 11:10:37 +0800
  Processing by Devise::RegistrationsController#create as HTML
  Parameters: {"utf8"=>"✓", "authenticity_token"=>"upZ1LYINxsNMRLwlijf+Clums2A0TQqy8IjyZzz1R4o=", "user"=>{"email"=>"arthurtemptation@gmail.com", "password"=>"[FILTERED]", "password_confirmation"=>"[FILTERED]"}, "commit"=>"Sign up"}
Redirected to http://localhost:3000/
Completed 302 Found in 4ms


Started GET "/" for 127.0.0.1 at 2010-10-05 11:10:37 +0800
  Processing by HomeController#index as HTML
Rendered home/index.html.erb within layouts/application (4.4ms)
Completed 200 OK in 3684ms (Views: 68.7ms)


Started GET "/" for 127.0.0.1 at 2010-10-05 11:14:15 +0800
  Processing by HomeController#index as HTML
Rendered home/index.html.erb within layouts/application (5.9ms)
Completed 200 OK in 15ms (Views: 14.6ms)


Started GET "/" for 127.0.0.1 at 2010-10-05 11:14:18 +0800
  Processing by HomeController#index as HTML
Rendered home/index.html.erb within layouts/application (6.0ms)
Completed 200 OK in 18ms (Views: 17.4ms)


Started GET "/" for 127.0.0.1 at 2010-10-05 11:23:39 +0800
  Processing by HomeController#index as HTML
Rendered home/index.html.erb within layouts/application (6.2ms)
Completed 200 OK in 42ms (Views: 40.9ms)


Started GET "/" for 127.0.0.1 at 2010-10-05 11:29:51 +0800
  Processing by HomeController#index as HTML
Rendered home/index.html.erb within layouts/application (6.8ms)
Completed 200 OK in 37ms (Views: 36.0ms)


Started GET "/users/sign_out" for 127.0.0.1 at 2010-10-05 11:29:55 +0800
  Processing by Devise::SessionsController#destroy as HTML
Redirected to http://localhost:3000/
Completed 302 Found in 4ms


Started GET "/" for 127.0.0.1 at 2010-10-05 11:29:55 +0800
  Processing by HomeController#index as HTML
Rendered home/index.html.erb within layouts/application (4.5ms)
Completed 200 OK in 13ms (Views: 12.4ms)


Started GET "/" for 127.0.0.1 at 2010-10-05 12:03:13 +0800
  Processing by HomeController#index as HTML
Rendered home/index.html.erb within layouts/application (7.5ms)
Completed 200 OK in 17ms (Views: 16.5ms)


Started GET "/" for 127.0.0.1 at 2010-10-05 12:12:11 +0800
  Processing by HomeController#index as HTML
Rendered home/index.html.erb within layouts/application (10.3ms)
Completed 200 OK in 20ms (Views: 19.4ms)


Started GET "/" for 127.0.0.1 at 2010-10-05 12:23:13 +0800
  Processing by HomeController#index as HTML
Rendered home/index.html.erb within layouts/application (4.7ms)
Completed 200 OK in 43ms (Views: 42.1ms)


Started GET "/" for 127.0.0.1 at 2010-10-05 12:24:09 +0800
  Processing by HomeController#index as HTML
Rendered home/index.html.erb within layouts/application (5.0ms)
Completed 200 OK in 15ms (Views: 14.3ms)


Started GET "/" for 127.0.0.1 at 2010-10-05 12:28:28 +0800
  Processing by HomeController#index as HTML
Rendered home/index.html.erb within layouts/application (29.7ms)
Completed 200 OK in 39ms (Views: 38.5ms)


Started GET "/" for 127.0.0.1 at 2010-10-05 12:43:14 +0800
  Processing by HomeController#index as HTML
Rendered home/index.html.erb within layouts/application (6.1ms)
Completed 200 OK in 16ms (Views: 14.9ms)


Started GET "/users" for 127.0.0.1 at 2010-10-05 12:43:22 +0800

ActionController::RoutingError (No route matches "/users"):
  

Rendered /usr/lib/ruby/gems/1.9.1/gems/actionpack-3.0.0/lib/action_dispatch/middleware/templates/rescues/routing_error.erb within rescues/layout (1.8ms)


Started GET "/" for 127.0.0.1 at 2010-10-05 12:44:02 +0800
  Processing by HomeController#index as HTML
Rendered home/index.html.erb within layouts/application (5.6ms)
Completed 200 OK in 15ms (Views: 14.3ms)


Started GET "/users/sign_up" for 127.0.0.1 at 2010-10-05 12:44:05 +0800
  Processing by Devise::RegistrationsController#new as HTML
Rendered /usr/lib/ruby/gems/1.9.1/gems/devise-1.1.3/app/views/devise/shared/_links.erb (3.0ms)
Rendered /usr/lib/ruby/gems/1.9.1/gems/devise-1.1.3/app/views/devise/registrations/new.html.erb within layouts/application (19.3ms)
Completed 200 OK in 34ms (Views: 32.5ms)


Started POST "/users" for 127.0.0.1 at 2010-10-05 12:44:22 +0800
  Processing by Devise::RegistrationsController#create as HTML
  Parameters: {"utf8"=>"✓", "authenticity_token"=>"upZ1LYINxsNMRLwlijf+Clums2A0TQqy8IjyZzz1R4o=", "user"=>{"email"=>"arthurtemptation@gmail.com", "password"=>"[FILTERED]", "password_confirmation"=>"[FILTERED]"}, "commit"=>"Sign up"}
Redirected to http://localhost:3000/
Completed 302 Found in 6ms


Started GET "/" for 127.0.0.1 at 2010-10-05 12:44:22 +0800
  Processing by HomeController#index as HTML
Rendered home/index.html.erb within layouts/application (7.5ms)
Completed 200 OK in 16ms (Views: 15.5ms)


Started GET "/users/sign_out" for 127.0.0.1 at 2010-10-05 12:46:02 +0800
  Processing by Devise::SessionsController#destroy as HTML
Redirected to http://localhost:3000/
Completed 302 Found in 5ms


Started GET "/" for 127.0.0.1 at 2010-10-05 12:46:02 +0800
  Processing by HomeController#index as HTML
Rendered home/index.html.erb within layouts/application (5.8ms)
Completed 200 OK in 15ms (Views: 13.9ms)


Started GET "/users/sign_up" for 127.0.0.1 at 2010-10-05 12:46:05 +0800
  Processing by Devise::RegistrationsController#new as HTML
Rendered /usr/lib/ruby/gems/1.9.1/gems/devise-1.1.3/app/views/devise/shared/_links.erb (2.7ms)
Rendered /usr/lib/ruby/gems/1.9.1/gems/devise-1.1.3/app/views/devise/registrations/new.html.erb within layouts/application (17.6ms)
Completed 200 OK in 28ms (Views: 27.0ms)


Started GET "/users/sign_up" for 127.0.0.1 at 2010-10-05 12:50:24 +0800
  Processing by Devise::RegistrationsController#new as HTML
Rendered /usr/lib/ruby/gems/1.9.1/gems/devise-1.1.3/app/views/devise/shared/_links.erb (2.8ms)
Rendered /usr/lib/ruby/gems/1.9.1/gems/devise-1.1.3/app/views/devise/registrations/new.html.erb within layouts/application (23.0ms)
Completed 200 OK in 36ms (Views: 33.9ms)


Started GET "/" for 127.0.0.1 at 2010-10-05 12:50:30 +0800
  Processing by HomeController#index as HTML
Rendered home/index.html.erb within layouts/application (5.4ms)
Completed 200 OK in 15ms (Views: 14.3ms)


Started GET "/users/sign_up" for 127.0.0.1 at 2010-10-05 12:50:32 +0800
  Processing by Devise::RegistrationsController#new as HTML
Rendered /usr/lib/ruby/gems/1.9.1/gems/devise-1.1.3/app/views/devise/shared/_links.erb (4.8ms)
Rendered /usr/lib/ruby/gems/1.9.1/gems/devise-1.1.3/app/views/devise/registrations/new.html.erb within layouts/application (19.2ms)
Completed 200 OK in 32ms (Views: 29.3ms)


Started POST "/users" for 127.0.0.1 at 2010-10-05 12:50:37 +0800
  Processing by Devise::RegistrationsController#create as HTML
  Parameters: {"utf8"=>"✓", "authenticity_token"=>"upZ1LYINxsNMRLwlijf+Clums2A0TQqy8IjyZzz1R4o=", "user"=>{"email"=>"arthurtemptation@gmail.com", "password"=>"[FILTERED]", "password_confirmation"=>"[FILTERED]"}, "commit"=>"Sign up"}
Redirected to http://localhost:3000/
Completed 302 Found in 9ms


Started GET "/" for 127.0.0.1 at 2010-10-05 12:50:37 +0800
  Processing by HomeController#index as HTML
Rendered home/index.html.erb within layouts/application (6.4ms)
Completed 200 OK in 16ms (Views: 14.6ms)


Started GET "/users/sign_out" for 127.0.0.1 at 2010-10-05 12:50:43 +0800
  Processing by Devise::SessionsController#destroy as HTML
Redirected to http://localhost:3000/
Completed 302 Found in 4ms


Started GET "/" for 127.0.0.1 at 2010-10-05 12:50:43 +0800
  Processing by HomeController#index as HTML
Rendered home/index.html.erb within layouts/application (6.8ms)
Completed 200 OK in 20ms (Views: 19.4ms)


Started POST "/users/sign_in?authenticity_token=upZ1LYINxsNMRLwlijf%2bClums2A0TQqy8IjyZzz1R4o%3d" for 127.0.0.1 at 2010-10-05 12:51:00 +0800
  Processing by Devise::SessionsController#create as HTML
  Parameters: {"authenticity_token"=>"upZ1LYINxsNMRLwlijf+Clums2A0TQqy8IjyZzz1R4o=", "token"=>"c19a207ceb63278519dd61a6cf36c7b35d45b7a4"}
Redirected to http://localhost:3000/
Completed 302 Found in 1712ms


Started GET "/" for 127.0.0.1 at 2010-10-05 12:51:02 +0800
  Processing by HomeController#index as HTML
Rendered home/index.html.erb within layouts/application (6.9ms)
Completed 200 OK in 16ms (Views: 14.9ms)


Started GET "/users/sign_out" for 127.0.0.1 at 2010-10-05 12:51:22 +0800
  Processing by Devise::SessionsController#destroy as HTML
Redirected to http://localhost:3000/
Completed 302 Found in 4ms


Started GET "/" for 127.0.0.1 at 2010-10-05 12:51:22 +0800
  Processing by HomeController#index as HTML
Rendered home/index.html.erb within layouts/application (5.3ms)
Completed 200 OK in 14ms (Views: 13.7ms)


Started GET "/users/sign_up" for 127.0.0.1 at 2010-10-05 12:51:30 +0800
  Processing by Devise::RegistrationsController#new as HTML
Rendered /usr/lib/ruby/gems/1.9.1/gems/devise-1.1.3/app/views/devise/shared/_links.erb (3.0ms)
Rendered /usr/lib/ruby/gems/1.9.1/gems/devise-1.1.3/app/views/devise/registrations/new.html.erb within layouts/application (17.2ms)
Completed 200 OK in 28ms (Views: 26.5ms)


Started GET "/users/sign_up" for 127.0.0.1 at 2010-10-05 13:48:52 +0800
  Processing by Devise::RegistrationsController#new as HTML
Rendered devise/shared/_links.erb (2.7ms)
Rendered devise/registrations/new.html.erb within layouts/application (17.0ms)
Completed 200 OK in 28ms (Views: 26.4ms)


Started GET "/users/sign_up" for 127.0.0.1 at 2010-10-05 13:50:29 +0800
  Processing by Devise::RegistrationsController#new as HTML
Rendered devise/shared/_links.erb (3.0ms)
Rendered devise/registrations/new.html.erb within layouts/application (17.6ms)
Completed 200 OK in 27ms (Views: 25.9ms)


Started GET "/" for 127.0.0.1 at 2010-10-05 13:51:28 +0800
  Processing by HomeController#index as HTML
Rendered home/index.html.erb within layouts/application (6.7ms)
Completed 200 OK in 16ms (Views: 15.2ms)


Started GET "/users/sign_up" for 127.0.0.1 at 2010-10-05 13:51:30 +0800
  Processing by Devise::RegistrationsController#new as HTML
Rendered devise/shared/_links.erb (2.8ms)
Rendered devise/registrations/new.html.erb within layouts/application (15.5ms)
Completed 200 OK in 25ms (Views: 23.8ms)


Started GET "/users/sign_up" for 127.0.0.1 at 2010-10-05 13:51:42 +0800
  Processing by Devise::RegistrationsController#new as HTML
Rendered devise/shared/_links.erb (2.8ms)
Rendered devise/registrations/new.html.erb within layouts/application (18.1ms)
Completed 200 OK in 28ms (Views: 26.3ms)


Started GET "/users/sign_up" for 127.0.0.1 at 2010-10-05 13:56:28 +0800
  Processing by Devise::RegistrationsController#new as HTML
Rendered devise/shared/_links.erb (2.8ms)
Rendered devise/registrations/new.html.erb within layouts/application (16.9ms)
Completed 200 OK in 27ms (Views: 25.7ms)


Started GET "/users/sign_up" for 127.0.0.1 at 2010-10-05 13:56:32 +0800
  Processing by Devise::RegistrationsController#new as HTML
Rendered devise/shared/_links.erb (2.6ms)
Rendered devise/registrations/new.html.erb within layouts/application (15.9ms)
Completed 200 OK in 25ms (Views: 24.0ms)


Started POST "/users" for 127.0.0.1 at 2010-10-05 13:56:48 +0800
  Processing by Devise::RegistrationsController#create as HTML
  Parameters: {"utf8"=>"✓", "authenticity_token"=>"upZ1LYINxsNMRLwlijf+Clums2A0TQqy8IjyZzz1R4o=", "user"=>{"email"=>"arthurtemptation@gmail.com", "name"=>"arcthur", "password"=>"[FILTERED]", "password_confirmation"=>"[FILTERED]"}, "commit"=>"Sign up"}
Redirected to http://localhost:3000/
Completed 302 Found in 14ms


Started GET "/" for 127.0.0.1 at 2010-10-05 13:56:48 +0800
  Processing by HomeController#index as HTML
Rendered home/index.html.erb within layouts/application (6.9ms)
Completed 200 OK in 16ms (Views: 15.7ms)


Started GET "/users/sign_out" for 127.0.0.1 at 2010-10-05 13:56:53 +0800
  Processing by Devise::SessionsController#destroy as HTML
Redirected to http://localhost:3000/
Completed 302 Found in 4ms


Started GET "/" for 127.0.0.1 at 2010-10-05 13:56:53 +0800
  Processing by HomeController#index as HTML
Rendered home/index.html.erb within layouts/application (5.4ms)
Completed 200 OK in 15ms (Views: 14.2ms)


Started GET "/users/sign_up" for 127.0.0.1 at 2010-10-05 13:58:15 +0800
  Processing by Devise::RegistrationsController#new as HTML
Rendered devise/shared/_links.erb (2.6ms)
Rendered devise/registrations/new.html.erb within layouts/application (15.5ms)
Completed 200 OK in 25ms (Views: 24.0ms)


Started GET "/" for 127.0.0.1 at 2010-10-05 14:05:01 +0800
  Processing by HomeController#index as HTML
Rendered home/index.html.erb within layouts/application (6.0ms)
Completed 200 OK in 16ms (Views: 15.1ms)


Started GET "/users/sign_in" for 127.0.0.1 at 2010-10-05 14:05:04 +0800
  Processing by Devise::SessionsController#new as HTML
Rendered devise/shared/_links.erb (2.6ms)
Rendered devise/sessions/new.html.erb within layouts/application (18.7ms)
Completed 200 OK in 30ms (Views: 28.2ms)


Started GET "/users/sign_up" for 127.0.0.1 at 2010-10-05 14:05:08 +0800
  Processing by Devise::RegistrationsController#new as HTML
Rendered devise/shared/_links.erb (2.7ms)
Rendered devise/registrations/new.html.erb within layouts/application (16.5ms)
Completed 200 OK in 27ms (Views: 25.7ms)


Started GET "/users/sign_in" for 127.0.0.1 at 2010-10-05 14:05:13 +0800
  Processing by Devise::SessionsController#new as HTML
Rendered devise/shared/_links.erb (2.7ms)
Rendered devise/sessions/new.html.erb within layouts/application (16.7ms)
Completed 200 OK in 26ms (Views: 25.0ms)


Started GET "/users/sign_up" for 127.0.0.1 at 2010-10-05 14:05:16 +0800
  Processing by Devise::RegistrationsController#new as HTML
Rendered devise/shared/_links.erb (2.7ms)
Rendered devise/registrations/new.html.erb within layouts/application (16.2ms)
Completed 200 OK in 26ms (Views: 24.3ms)


Started POST "/users" for 127.0.0.1 at 2010-10-05 14:05:37 +0800
  Processing by Devise::RegistrationsController#create as HTML
  Parameters: {"utf8"=>"✓", "authenticity_token"=>"upZ1LYINxsNMRLwlijf+Clums2A0TQqy8IjyZzz1R4o=", "user"=>{"email"=>"arthurtemptation@gmail.com", "name"=>"arcthur", "password"=>"[FILTERED]", "password_confirmation"=>"[FILTERED]"}, "commit"=>"Sign up"}
Redirected to http://localhost:3000/
Completed 302 Found in 5ms


Started GET "/" for 127.0.0.1 at 2010-10-05 14:05:37 +0800
  Processing by HomeController#index as HTML
Rendered home/index.html.erb within layouts/application (7.7ms)
Completed 200 OK in 17ms (Views: 16.7ms)


Started GET "/users/sign_out" for 127.0.0.1 at 2010-10-05 14:05:40 +0800
  Processing by Devise::SessionsController#destroy as HTML
Redirected to http://localhost:3000/
Completed 302 Found in 4ms


Started GET "/" for 127.0.0.1 at 2010-10-05 14:05:40 +0800
  Processing by HomeController#index as HTML
Rendered home/index.html.erb within layouts/application (6.0ms)
Completed 200 OK in 15ms (Views: 13.9ms)


Started GET "/users/sign_in" for 127.0.0.1 at 2010-10-05 14:05:42 +0800
  Processing by Devise::SessionsController#new as HTML
Rendered devise/shared/_links.erb (6.7ms)
Rendered devise/sessions/new.html.erb within layouts/application (22.3ms)
Completed 200 OK in 33ms (Views: 31.4ms)


Started GET "/" for 127.0.0.1 at 2010-10-05 14:08:46 +0800
  Processing by HomeController#index as HTML
Rendered home/index.html.erb within layouts/application (5.7ms)
Completed 200 OK in 15ms (Views: 14.4ms)


Started GET "/users/sign_up" for 127.0.0.1 at 2010-10-05 14:08:54 +0800
  Processing by Devise::RegistrationsController#new as HTML
Rendered devise/shared/_links.erb (2.6ms)
Rendered devise/registrations/new.html.erb within layouts/application (16.1ms)
Completed 200 OK in 25ms (Views: 24.1ms)


Started GET "/users/sign_up" for 127.0.0.1 at 2010-10-05 14:09:34 +0800
  Processing by Devise::RegistrationsController#new as HTML
Rendered devise/shared/_links.erb (2.7ms)
Rendered devise/registrations/new.html.erb within layouts/application (16.3ms)
Completed 200 OK in 26ms (Views: 24.3ms)


Started GET "/" for 127.0.0.1 at 2010-10-05 14:19:54 +0800

SyntaxError (/Volumes/Data/Project/castle/config/routes.rb:2: syntax error, unexpected ':', expecting keyword_end
  devise_for :users :path_names => { :sign_up => "register" }
                     ^):
  

Rendered /usr/lib/ruby/gems/1.9.1/gems/actionpack-3.0.0/lib/action_dispatch/middleware/templates/rescues/_trace.erb (2.4ms)
Rendered /usr/lib/ruby/gems/1.9.1/gems/actionpack-3.0.0/lib/action_dispatch/middleware/templates/rescues/_request_and_response.erb (2.2ms)
Rendered /usr/lib/ruby/gems/1.9.1/gems/actionpack-3.0.0/lib/action_dispatch/middleware/templates/rescues/diagnostics.erb within rescues/layout (12.6ms)


Started GET "/" for 127.0.0.1 at 2010-10-05 14:20:14 +0800
  Processing by HomeController#index as HTML
Rendered home/index.html.erb within layouts/application (5.9ms)
Completed 200 OK in 15ms (Views: 14.0ms)


Started GET "/users/register" for 127.0.0.1 at 2010-10-05 14:20:20 +0800
  Processing by Devise::RegistrationsController#new as HTML
Rendered devise/shared/_links.erb (2.6ms)
Rendered devise/registrations/new.html.erb within layouts/application (16.2ms)
Completed 200 OK in 29ms (Views: 25.1ms)


Started GET "/users/sign_in" for 127.0.0.1 at 2010-10-05 14:20:23 +0800
  Processing by Devise::SessionsController#new as HTML
Rendered devise/shared/_links.erb (2.6ms)
Rendered devise/sessions/new.html.erb within layouts/application (16.2ms)
Completed 200 OK in 25ms (Views: 24.1ms)


Started GET "/users/register" for 127.0.0.1 at 2010-10-05 14:20:24 +0800
  Processing by Devise::RegistrationsController#new as HTML
Rendered devise/shared/_links.erb (2.7ms)
Rendered devise/registrations/new.html.erb within layouts/application (16.4ms)
Completed 200 OK in 26ms (Views: 24.6ms)


Started GET "/" for 127.0.0.1 at 2010-10-05 16:48:44 +0800
  Processing by HomeController#index as HTML
Rendered home/index.html.erb within layouts/application (5.6ms)
Completed 200 OK in 16ms (Views: 15.5ms)


Started GET "/" for 127.0.0.1 at 2010-10-05 17:42:23 +0800
  Processing by HomeController#index as HTML
Rendered home/index.html.erb within layouts/application (9.9ms)
Completed 200 OK in 33ms (Views: 32.6ms)


Started GET "/users/sign_in" for 127.0.0.1 at 2010-10-05 17:42:29 +0800
  Processing by Devise::SessionsController#new as HTML
Rendered /usr/lib/ruby/gems/1.9.1/gems/devise-1.1.3/app/views/devise/shared/_links.erb (3.1ms)
Rendered /usr/lib/ruby/gems/1.9.1/gems/devise-1.1.3/app/views/devise/sessions/new.html.erb within layouts/application (28.9ms)
Completed 200 OK in 54ms (Views: 51.6ms)


Started GET "/users/register" for 127.0.0.1 at 2010-10-05 17:42:33 +0800
  Processing by Devise::RegistrationsController#new as HTML
Rendered /usr/lib/ruby/gems/1.9.1/gems/devise-1.1.3/app/views/devise/shared/_links.erb (6.7ms)
Rendered /usr/lib/ruby/gems/1.9.1/gems/devise-1.1.3/app/views/devise/registrations/new.html.erb within layouts/application (24.2ms)
Completed 200 OK in 37ms (Views: 35.8ms)


Started GET "/users/sign_in" for 127.0.0.1 at 2010-10-05 17:42:56 +0800
  Processing by Devise::SessionsController#new as HTML
Rendered /usr/lib/ruby/gems/1.9.1/gems/devise-1.1.3/app/views/devise/shared/_links.erb (4.1ms)
Rendered /usr/lib/ruby/gems/1.9.1/gems/devise-1.1.3/app/views/devise/sessions/new.html.erb within layouts/application (28.7ms)
Completed 200 OK in 41ms (Views: 40.0ms)


Started GET "/users/register" for 127.0.0.1 at 2010-10-05 17:43:03 +0800
  Processing by Devise::RegistrationsController#new as HTML
Rendered /usr/lib/ruby/gems/1.9.1/gems/devise-1.1.3/app/views/devise/shared/_links.erb (6.9ms)
Rendered /usr/lib/ruby/gems/1.9.1/gems/devise-1.1.3/app/views/devise/registrations/new.html.erb within layouts/application (22.4ms)
Completed 200 OK in 33ms (Views: 32.0ms)


Started GET "/users/register" for 127.0.0.1 at 2010-10-05 17:43:23 +0800
  Processing by Devise::RegistrationsController#new as HTML
Rendered /usr/lib/ruby/gems/1.9.1/gems/devise-1.1.3/app/views/devise/shared/_links.erb (3.6ms)
Rendered /usr/lib/ruby/gems/1.9.1/gems/devise-1.1.3/app/views/devise/registrations/new.html.erb within layouts/application (22.2ms)
Completed 200 OK in 37ms (Views: 35.1ms)


Started GET "/users/register" for 127.0.0.1 at 2010-10-05 17:43:25 +0800
  Processing by Devise::RegistrationsController#new as HTML
Rendered /usr/lib/ruby/gems/1.9.1/gems/devise-1.1.3/app/views/devise/shared/_links.erb (3.1ms)
Rendered /usr/lib/ruby/gems/1.9.1/gems/devise-1.1.3/app/views/devise/registrations/new.html.erb within layouts/application (17.6ms)
Completed 200 OK in 33ms (Views: 31.1ms)


Started GET "/users/sign_in" for 127.0.0.1 at 2010-10-05 17:43:37 +0800
  Processing by Devise::SessionsController#new as HTML
Rendered /usr/lib/ruby/gems/1.9.1/gems/devise-1.1.3/app/views/devise/shared/_links.erb (3.1ms)
Rendered /usr/lib/ruby/gems/1.9.1/gems/devise-1.1.3/app/views/devise/sessions/new.html.erb within layouts/application (75.5ms)
Completed 200 OK in 90ms (Views: 88.6ms)


Started GET "/users/register" for 127.0.0.1 at 2010-10-05 17:43:45 +0800
  Processing by Devise::RegistrationsController#new as HTML
Rendered /usr/lib/ruby/gems/1.9.1/gems/devise-1.1.3/app/views/devise/shared/_links.erb (3.2ms)
Rendered /usr/lib/ruby/gems/1.9.1/gems/devise-1.1.3/app/views/devise/registrations/new.html.erb within layouts/application (22.0ms)
Completed 200 OK in 43ms (Views: 41.6ms)


Started GET "/admin" for 127.0.0.1 at 2010-10-05 17:44:36 +0800

ActionController::RoutingError (No route matches "/admin"):
  

Rendered /usr/lib/ruby/gems/1.9.1/gems/actionpack-3.0.0/lib/action_dispatch/middleware/templates/rescues/routing_error.erb within rescues/layout (4.4ms)


Started GET "/admins" for 127.0.0.1 at 2010-10-05 17:44:41 +0800

ActionController::RoutingError (No route matches "/admins"):
  

Rendered /usr/lib/ruby/gems/1.9.1/gems/actionpack-3.0.0/lib/action_dispatch/middleware/templates/rescues/routing_error.erb within rescues/layout (1.8ms)


Started GET "/" for 127.0.0.1 at 2010-10-05 17:45:46 +0800
  Processing by HomeController#index as HTML
Rendered home/index.html.erb within layouts/application (6.9ms)
Completed 200 OK in 19ms (Views: 18.5ms)


Started GET "/users/register" for 127.0.0.1 at 2010-10-05 17:45:48 +0800
  Processing by Devise::RegistrationsController#new as HTML
Rendered /usr/lib/ruby/gems/1.9.1/gems/devise-1.1.3/app/views/devise/shared/_links.erb (2.9ms)
Rendered /usr/lib/ruby/gems/1.9.1/gems/devise-1.1.3/app/views/devise/registrations/new.html.erb within layouts/application (17.4ms)
Completed 200 OK in 32ms (Views: 31.1ms)


Started GET "/users/sign_in" for 127.0.0.1 at 2010-10-05 17:45:51 +0800
  Processing by Devise::SessionsController#new as HTML
Rendered /usr/lib/ruby/gems/1.9.1/gems/devise-1.1.3/app/views/devise/shared/_links.erb (3.5ms)
Rendered /usr/lib/ruby/gems/1.9.1/gems/devise-1.1.3/app/views/devise/sessions/new.html.erb within layouts/application (17.8ms)
Completed 200 OK in 32ms (Views: 30.8ms)


Started GET "/" for 127.0.0.1 at 2010-10-05 17:48:07 +0800
  Processing by HomeController#index as HTML
Rendered home/index.html.erb within layouts/application (10.3ms)
Completed 200 OK in 24ms (Views: 23.2ms)


Started GET "/users/register" for 127.0.0.1 at 2010-10-05 17:48:10 +0800
  Processing by Devise::RegistrationsController#new as HTML
Rendered /usr/lib/ruby/gems/1.9.1/gems/devise-1.1.3/app/views/devise/shared/_links.erb (6.9ms)
Rendered /usr/lib/ruby/gems/1.9.1/gems/devise-1.1.3/app/views/devise/registrations/new.html.erb within layouts/application (32.5ms)
Completed 200 OK in 48ms (Views: 44.5ms)


Started GET "/users/sign_in" for 127.0.0.1 at 2010-10-05 17:48:25 +0800
  Processing by Devise::SessionsController#new as HTML
Rendered /usr/lib/ruby/gems/1.9.1/gems/devise-1.1.3/app/views/devise/shared/_links.erb (3.0ms)
Rendered /usr/lib/ruby/gems/1.9.1/gems/devise-1.1.3/app/views/devise/sessions/new.html.erb within layouts/application (24.2ms)
Completed 200 OK in 40ms (Views: 36.6ms)


Started GET "/users/register" for 127.0.0.1 at 2010-10-05 17:48:27 +0800
  Processing by Devise::RegistrationsController#new as HTML
Rendered /usr/lib/ruby/gems/1.9.1/gems/devise-1.1.3/app/views/devise/shared/_links.erb (6.4ms)
Rendered /usr/lib/ruby/gems/1.9.1/gems/devise-1.1.3/app/views/devise/registrations/new.html.erb within layouts/application (28.1ms)
Completed 200 OK in 45ms (Views: 43.6ms)


Started GET "/users/register" for 127.0.0.1 at 2010-10-05 17:49:53 +0800
  Processing by Devise::RegistrationsController#new as HTML
Rendered devise/shared/_links.erb (3.3ms)
Rendered devise/registrations/new.html.erb within layouts/application (22.8ms)
Completed 200 OK in 35ms (Views: 33.7ms)


Started GET "/" for 127.0.0.1 at 2010-10-05 18:45:07 +0800
  Processing by HomeController#index as HTML
Rendered home/index.html.erb within layouts/application (50.9ms)
Completed 200 OK in 61ms (Views: 60.2ms)


Started GET "/users/sign_in" for 127.0.0.1 at 2010-10-05 18:45:11 +0800
  Processing by Devise::SessionsController#new as HTML
Rendered devise/shared/_links.erb (2.8ms)
Rendered devise/sessions/new.html.erb within layouts/application (16.2ms)
Completed 200 OK in 47ms (Views: 45.3ms)


Started POST "/users/sign_in" for 127.0.0.1 at 2010-10-05 18:45:12 +0800
  Processing by Devise::SessionsController#create as HTML
  Parameters: {"utf8"=>"✓", "authenticity_token"=>"upZ1LYINxsNMRLwlijf+Clums2A0TQqy8IjyZzz1R4o=", "user"=>{"email"=>"arthurtemptation@gmail.com", "password"=>"[FILTERED]", "remember_me"=>"0"}, "commit"=>"Sign in"}
Completed   in 20ms
  Processing by Devise::SessionsController#new as HTML
  Parameters: {"utf8"=>"✓", "authenticity_token"=>"upZ1LYINxsNMRLwlijf+Clums2A0TQqy8IjyZzz1R4o=", "user"=>{"email"=>"arthurtemptation@gmail.com", "password"=>"[FILTERED]", "remember_me"=>"0"}, "commit"=>"Sign in"}
Rendered devise/shared/_links.erb (4.9ms)
Rendered devise/sessions/new.html.erb within layouts/application (18.2ms)
Completed 200 OK in 28ms (Views: 26.6ms)


Started POST "/users/sign_in" for 127.0.0.1 at 2010-10-05 18:45:16 +0800
  Processing by Devise::SessionsController#create as HTML
  Parameters: {"utf8"=>"✓", "authenticity_token"=>"upZ1LYINxsNMRLwlijf+Clums2A0TQqy8IjyZzz1R4o=", "user"=>{"email"=>"arthurtemptation@gmail.com", "password"=>"[FILTERED]", "remember_me"=>"0"}, "commit"=>"Sign in"}
Completed   in 3ms
  Processing by Devise::SessionsController#new as HTML
  Parameters: {"utf8"=>"✓", "authenticity_token"=>"upZ1LYINxsNMRLwlijf+Clums2A0TQqy8IjyZzz1R4o=", "user"=>{"email"=>"arthurtemptation@gmail.com", "password"=>"[FILTERED]", "remember_me"=>"0"}, "commit"=>"Sign in"}
Rendered devise/shared/_links.erb (2.6ms)
Rendered devise/sessions/new.html.erb within layouts/application (17.0ms)
Completed 200 OK in 27ms (Views: 25.0ms)


Started POST "/users/sign_in" for 127.0.0.1 at 2010-10-05 18:45:17 +0800
  Processing by Devise::SessionsController#create as HTML
  Parameters: {"utf8"=>"✓", "authenticity_token"=>"upZ1LYINxsNMRLwlijf+Clums2A0TQqy8IjyZzz1R4o=", "user"=>{"email"=>"arthurtemptation@gmail.com", "password"=>"[FILTERED]", "remember_me"=>"0"}, "commit"=>"Sign in"}
Completed   in 3ms
  Processing by Devise::SessionsController#new as HTML
  Parameters: {"utf8"=>"✓", "authenticity_token"=>"upZ1LYINxsNMRLwlijf+Clums2A0TQqy8IjyZzz1R4o=", "user"=>{"email"=>"arthurtemptation@gmail.com", "password"=>"[FILTERED]", "remember_me"=>"0"}, "commit"=>"Sign in"}
Rendered devise/shared/_links.erb (2.9ms)
Rendered devise/sessions/new.html.erb within layouts/application (15.8ms)
Completed 200 OK in 26ms (Views: 24.5ms)


Started POST "/users/sign_in" for 127.0.0.1 at 2010-10-05 18:45:25 +0800
  Processing by Devise::SessionsController#create as HTML
  Parameters: {"utf8"=>"✓", "authenticity_token"=>"upZ1LYINxsNMRLwlijf+Clums2A0TQqy8IjyZzz1R4o=", "user"=>{"email"=>"arthurtemptation@gmail.com", "password"=>"[FILTERED]", "remember_me"=>"0"}, "commit"=>"Sign in"}
Completed   in 3ms
  Processing by Devise::SessionsController#new as HTML
  Parameters: {"utf8"=>"✓", "authenticity_token"=>"upZ1LYINxsNMRLwlijf+Clums2A0TQqy8IjyZzz1R4o=", "user"=>{"email"=>"arthurtemptation@gmail.com", "password"=>"[FILTERED]", "remember_me"=>"0"}, "commit"=>"Sign in"}
Rendered devise/shared/_links.erb (2.8ms)
Rendered devise/sessions/new.html.erb within layouts/application (15.7ms)
Completed 200 OK in 25ms (Views: 23.8ms)


Started POST "/users/sign_in" for 127.0.0.1 at 2010-10-05 18:45:26 +0800
  Processing by Devise::SessionsController#create as HTML
  Parameters: {"utf8"=>"✓", "authenticity_token"=>"upZ1LYINxsNMRLwlijf+Clums2A0TQqy8IjyZzz1R4o=", "user"=>{"email"=>"arthurtemptation@gmail.com", "password"=>"[FILTERED]", "remember_me"=>"0"}, "commit"=>"Sign in"}
Completed   in 3ms
  Processing by Devise::SessionsController#new as HTML
  Parameters: {"utf8"=>"✓", "authenticity_token"=>"upZ1LYINxsNMRLwlijf+Clums2A0TQqy8IjyZzz1R4o=", "user"=>{"email"=>"arthurtemptation@gmail.com", "password"=>"[FILTERED]", "remember_me"=>"0"}, "commit"=>"Sign in"}
Rendered devise/shared/_links.erb (2.9ms)
Rendered devise/sessions/new.html.erb within layouts/application (15.9ms)
Completed 200 OK in 26ms (Views: 24.1ms)


Started GET "/users/sign_in" for 127.0.0.1 at 2010-10-05 18:45:27 +0800
  Processing by Devise::SessionsController#new as HTML
Rendered devise/shared/_links.erb (2.7ms)
Rendered devise/sessions/new.html.erb within layouts/application (16.5ms)
Completed 200 OK in 26ms (Views: 24.9ms)


Started GET "/users/register" for 127.0.0.1 at 2010-10-05 18:45:29 +0800
  Processing by Devise::RegistrationsController#new as HTML
Rendered devise/shared/_links.erb (2.8ms)
Rendered devise/registrations/new.html.erb within layouts/application (17.5ms)
Completed 200 OK in 28ms (Views: 26.5ms)


Started GET "/users/register" for 127.0.0.1 at 2010-10-05 18:45:56 +0800
  Processing by Devise::RegistrationsController#new as HTML
Rendered devise/shared/_links.erb (2.8ms)
Rendered devise/registrations/new.html.erb within layouts/application (16.3ms)
Completed 200 OK in 27ms (Views: 25.9ms)


Started GET "/users/register" for 127.0.0.1 at 2010-10-05 18:45:58 +0800
  Processing by Devise::RegistrationsController#new as HTML
Rendered devise/shared/_links.erb (4.1ms)
Rendered devise/registrations/new.html.erb within layouts/application (20.5ms)
Completed 200 OK in 32ms (Views: 30.3ms)


Started GET "/users/sign_in" for 127.0.0.1 at 2010-10-05 18:46:00 +0800
  Processing by Devise::SessionsController#new as HTML
Rendered devise/shared/_links.erb (5.9ms)
Rendered devise/sessions/new.html.erb within layouts/application (27.4ms)
Completed 200 OK in 46ms (Views: 44.4ms)


Started POST "/users/sign_in" for 127.0.0.1 at 2010-10-05 18:46:01 +0800
  Processing by Devise::SessionsController#create as HTML
  Parameters: {"utf8"=>"✓", "authenticity_token"=>"upZ1LYINxsNMRLwlijf+Clums2A0TQqy8IjyZzz1R4o=", "user"=>{"email"=>"arthurtemptation@gmail.com", "password"=>"[FILTERED]", "remember_me"=>"0"}, "commit"=>"Sign in"}
Completed   in 3ms
  Processing by Devise::SessionsController#new as HTML
  Parameters: {"utf8"=>"✓", "authenticity_token"=>"upZ1LYINxsNMRLwlijf+Clums2A0TQqy8IjyZzz1R4o=", "user"=>{"email"=>"arthurtemptation@gmail.com", "password"=>"[FILTERED]", "remember_me"=>"0"}, "commit"=>"Sign in"}
Rendered devise/shared/_links.erb (2.6ms)
Rendered devise/sessions/new.html.erb within layouts/application (15.5ms)
Completed 200 OK in 27ms (Views: 25.2ms)


Started GET "/" for 127.0.0.1 at 2010-10-05 18:46:07 +0800
  Processing by HomeController#index as HTML
Rendered home/index.html.erb within layouts/application (6.4ms)
Completed 200 OK in 15ms (Views: 14.3ms)


Started GET "/users/register" for 127.0.0.1 at 2010-10-05 18:46:09 +0800
  Processing by Devise::RegistrationsController#new as HTML
Rendered devise/shared/_links.erb (2.6ms)
Rendered devise/registrations/new.html.erb within layouts/application (15.9ms)
Completed 200 OK in 26ms (Views: 24.2ms)


Started GET "/users/sign_in" for 127.0.0.1 at 2010-10-05 18:46:12 +0800
  Processing by Devise::SessionsController#new as HTML
Rendered devise/shared/_links.erb (2.7ms)
Rendered devise/sessions/new.html.erb within layouts/application (15.7ms)
Completed 200 OK in 25ms (Views: 24.1ms)


Started POST "/users/sign_in" for 127.0.0.1 at 2010-10-05 18:46:14 +0800
  Processing by Devise::SessionsController#create as HTML
  Parameters: {"utf8"=>"✓", "authenticity_token"=>"upZ1LYINxsNMRLwlijf+Clums2A0TQqy8IjyZzz1R4o=", "user"=>{"email"=>"arthurtemptation@gmail.com", "password"=>"[FILTERED]", "remember_me"=>"0"}, "commit"=>"Sign in"}
Completed   in 3ms
  Processing by Devise::SessionsController#new as HTML
  Parameters: {"utf8"=>"✓", "authenticity_token"=>"upZ1LYINxsNMRLwlijf+Clums2A0TQqy8IjyZzz1R4o=", "user"=>{"email"=>"arthurtemptation@gmail.com", "password"=>"[FILTERED]", "remember_me"=>"0"}, "commit"=>"Sign in"}
Rendered devise/shared/_links.erb (2.8ms)
Rendered devise/sessions/new.html.erb within layouts/application (16.1ms)
Completed 200 OK in 26ms (Views: 24.3ms)


Started POST "/users/sign_in" for 127.0.0.1 at 2010-10-05 18:46:34 +0800
  Processing by Devise::SessionsController#create as HTML
  Parameters: {"utf8"=>"✓", "authenticity_token"=>"upZ1LYINxsNMRLwlijf+Clums2A0TQqy8IjyZzz1R4o=", "user"=>{"email"=>"arthurtemptation@gmail.com", "password"=>"[FILTERED]", "remember_me"=>"0"}, "commit"=>"Sign in"}
Completed   in 3ms
  Processing by Devise::SessionsController#new as HTML
  Parameters: {"utf8"=>"✓", "authenticity_token"=>"upZ1LYINxsNMRLwlijf+Clums2A0TQqy8IjyZzz1R4o=", "user"=>{"email"=>"arthurtemptation@gmail.com", "password"=>"[FILTERED]", "remember_me"=>"0"}, "commit"=>"Sign in"}
Rendered devise/shared/_links.erb (2.8ms)
Rendered devise/sessions/new.html.erb within layouts/application (16.2ms)
Completed 200 OK in 26ms (Views: 24.5ms)


Started POST "/users/sign_in" for 127.0.0.1 at 2010-10-05 18:46:58 +0800
  Processing by Devise::SessionsController#create as HTML
  Parameters: {"utf8"=>"✓", "authenticity_token"=>"upZ1LYINxsNMRLwlijf+Clums2A0TQqy8IjyZzz1R4o=", "user"=>{"email"=>"arthurtemptation@gmail.com", "password"=>"[FILTERED]", "remember_me"=>"0"}, "commit"=>"Sign in"}
Completed   in 4ms
  Processing by Devise::SessionsController#new as HTML
  Parameters: {"utf8"=>"✓", "authenticity_token"=>"upZ1LYINxsNMRLwlijf+Clums2A0TQqy8IjyZzz1R4o=", "user"=>{"email"=>"arthurtemptation@gmail.com", "password"=>"[FILTERED]", "remember_me"=>"0"}, "commit"=>"Sign in"}
Rendered devise/shared/_links.erb (2.9ms)
Rendered devise/sessions/new.html.erb within layouts/application (15.9ms)
Completed 200 OK in 27ms (Views: 25.1ms)


Started POST "/users/sign_in" for 127.0.0.1 at 2010-10-05 18:47:00 +0800
  Processing by Devise::SessionsController#create as HTML
  Parameters: {"utf8"=>"✓", "authenticity_token"=>"upZ1LYINxsNMRLwlijf+Clums2A0TQqy8IjyZzz1R4o=", "user"=>{"email"=>"arthurtemptation@gmail.com", "password"=>"[FILTERED]", "remember_me"=>"0"}, "commit"=>"Sign in"}
Completed   in 3ms
  Processing by Devise::SessionsController#new as HTML
  Parameters: {"utf8"=>"✓", "authenticity_token"=>"upZ1LYINxsNMRLwlijf+Clums2A0TQqy8IjyZzz1R4o=", "user"=>{"email"=>"arthurtemptation@gmail.com", "password"=>"[FILTERED]", "remember_me"=>"0"}, "commit"=>"Sign in"}
Rendered devise/shared/_links.erb (2.8ms)
Rendered devise/sessions/new.html.erb within layouts/application (15.9ms)
Completed 200 OK in 26ms (Views: 24.2ms)


Started POST "/users/sign_in" for 127.0.0.1 at 2010-10-05 18:47:02 +0800
  Processing by Devise::SessionsController#create as HTML
  Parameters: {"utf8"=>"✓", "authenticity_token"=>"upZ1LYINxsNMRLwlijf+Clums2A0TQqy8IjyZzz1R4o=", "user"=>{"email"=>"arthurtemptation@gmail.com", "password"=>"[FILTERED]", "remember_me"=>"0"}, "commit"=>"Sign in"}
Completed   in 3ms
  Processing by Devise::SessionsController#new as HTML
  Parameters: {"utf8"=>"✓", "authenticity_token"=>"upZ1LYINxsNMRLwlijf+Clums2A0TQqy8IjyZzz1R4o=", "user"=>{"email"=>"arthurtemptation@gmail.com", "password"=>"[FILTERED]", "remember_me"=>"0"}, "commit"=>"Sign in"}
Rendered devise/shared/_links.erb (2.6ms)
Rendered devise/sessions/new.html.erb within layouts/application (15.2ms)
Completed 200 OK in 25ms (Views: 23.8ms)


Started POST "/users/sign_in" for 127.0.0.1 at 2010-10-05 18:47:04 +0800
  Processing by Devise::SessionsController#create as HTML
  Parameters: {"utf8"=>"✓", "authenticity_token"=>"upZ1LYINxsNMRLwlijf+Clums2A0TQqy8IjyZzz1R4o=", "user"=>{"email"=>"arthurtemptation@gmail.com", "password"=>"[FILTERED]", "remember_me"=>"0"}, "commit"=>"Sign in"}
Completed   in 4ms
  Processing by Devise::SessionsController#new as HTML
  Parameters: {"utf8"=>"✓", "authenticity_token"=>"upZ1LYINxsNMRLwlijf+Clums2A0TQqy8IjyZzz1R4o=", "user"=>{"email"=>"arthurtemptation@gmail.com", "password"=>"[FILTERED]", "remember_me"=>"0"}, "commit"=>"Sign in"}
Rendered devise/shared/_links.erb (2.7ms)
Rendered devise/sessions/new.html.erb within layouts/application (16.6ms)
Completed 200 OK in 26ms (Views: 24.9ms)


Started GET "/users/register" for 127.0.0.1 at 2010-10-05 18:47:12 +0800
  Processing by Devise::RegistrationsController#new as HTML
Rendered devise/shared/_links.erb (2.9ms)
Rendered devise/registrations/new.html.erb within layouts/application (16.0ms)
Completed 200 OK in 27ms (Views: 25.3ms)


Started POST "/users" for 127.0.0.1 at 2010-10-05 18:47:19 +0800
  Processing by Devise::RegistrationsController#create as HTML
  Parameters: {"utf8"=>"✓", "authenticity_token"=>"upZ1LYINxsNMRLwlijf+Clums2A0TQqy8IjyZzz1R4o=", "user"=>{"email"=>"arthurtemptation@gmail.com", "password"=>"[FILTERED]", "password_confirmation"=>"[FILTERED]"}, "commit"=>"Sign up"}
Redirected to http://localhost:3000/
Completed 302 Found in 5ms


Started GET "/" for 127.0.0.1 at 2010-10-05 18:47:19 +0800
  Processing by HomeController#index as HTML
Rendered home/index.html.erb within layouts/application (7.0ms)
Completed 200 OK in 16ms (Views: 15.0ms)


Started GET "/admin" for 127.0.0.1 at 2010-10-05 18:47:23 +0800
  Processing by Admin::DashboardController#index as HTML
Rendered admin/dashboard/index.html.erb within layouts/application (5.3ms)
Completed 200 OK in 17ms (Views: 14.8ms)


Started GET "/users/sign_out" for 127.0.0.1 at 2010-10-05 18:47:43 +0800
  Processing by Devise::SessionsController#destroy as HTML
Redirected to http://localhost:3000/
Completed 302 Found in 4ms


Started GET "/" for 127.0.0.1 at 2010-10-05 18:47:44 +0800
  Processing by HomeController#index as HTML
Rendered home/index.html.erb within layouts/application (7.1ms)
Completed 200 OK in 16ms (Views: 15.0ms)


Started GET "/users/sign_in" for 127.0.0.1 at 2010-10-05 18:47:46 +0800
  Processing by Devise::SessionsController#new as HTML
Rendered devise/shared/_links.erb (2.7ms)
Rendered devise/sessions/new.html.erb within layouts/application (16.8ms)
Completed 200 OK in 26ms (Views: 25.0ms)


Started POST "/users/sign_in" for 127.0.0.1 at 2010-10-05 18:47:48 +0800
  Processing by Devise::SessionsController#create as HTML
  Parameters: {"utf8"=>"✓", "authenticity_token"=>"upZ1LYINxsNMRLwlijf+Clums2A0TQqy8IjyZzz1R4o=", "user"=>{"email"=>"arthurtemptation@gmail.com", "password"=>"[FILTERED]", "remember_me"=>"0"}, "commit"=>"Sign in"}
Completed   in 3ms
  Processing by Devise::SessionsController#new as HTML
  Parameters: {"utf8"=>"✓", "authenticity_token"=>"upZ1LYINxsNMRLwlijf+Clums2A0TQqy8IjyZzz1R4o=", "user"=>{"email"=>"arthurtemptation@gmail.com", "password"=>"[FILTERED]", "remember_me"=>"0"}, "commit"=>"Sign in"}
Rendered devise/shared/_links.erb (2.9ms)
Rendered devise/sessions/new.html.erb within layouts/application (15.8ms)
Completed 200 OK in 26ms (Views: 24.0ms)


Started POST "/users/sign_in" for 127.0.0.1 at 2010-10-05 18:47:58 +0800
  Processing by Devise::SessionsController#create as HTML
  Parameters: {"utf8"=>"✓", "authenticity_token"=>"upZ1LYINxsNMRLwlijf+Clums2A0TQqy8IjyZzz1R4o=", "user"=>{"email"=>"arthurtemptation@gmail.com", "password"=>"[FILTERED]", "remember_me"=>"1"}, "commit"=>"Sign in"}
Completed   in 3ms
  Processing by Devise::SessionsController#new as HTML
  Parameters: {"utf8"=>"✓", "authenticity_token"=>"upZ1LYINxsNMRLwlijf+Clums2A0TQqy8IjyZzz1R4o=", "user"=>{"email"=>"arthurtemptation@gmail.com", "password"=>"[FILTERED]", "remember_me"=>"1"}, "commit"=>"Sign in"}
Rendered devise/shared/_links.erb (2.7ms)
Rendered devise/sessions/new.html.erb within layouts/application (15.8ms)
Completed 200 OK in 26ms (Views: 24.5ms)


Started POST "/users/sign_in" for 127.0.0.1 at 2010-10-05 18:48:01 +0800
  Processing by Devise::SessionsController#create as HTML
  Parameters: {"utf8"=>"✓", "authenticity_token"=>"upZ1LYINxsNMRLwlijf+Clums2A0TQqy8IjyZzz1R4o=", "user"=>{"email"=>"arthurtemptation@gmail.com", "password"=>"[FILTERED]", "remember_me"=>"0"}, "commit"=>"Sign in"}
Completed   in 4ms
  Processing by Devise::SessionsController#new as HTML
  Parameters: {"utf8"=>"✓", "authenticity_token"=>"upZ1LYINxsNMRLwlijf+Clums2A0TQqy8IjyZzz1R4o=", "user"=>{"email"=>"arthurtemptation@gmail.com", "password"=>"[FILTERED]", "remember_me"=>"0"}, "commit"=>"Sign in"}
Rendered devise/shared/_links.erb (2.7ms)
Rendered devise/sessions/new.html.erb within layouts/application (18.4ms)
Completed 200 OK in 28ms (Views: 26.6ms)


Started GET "/" for 127.0.0.1 at 2010-10-05 18:50:13 +0800
  Processing by HomeController#index as HTML
Rendered home/index.html.erb within layouts/application (6.8ms)
Completed 200 OK in 17ms (Views: 16.6ms)


Started GET "/users/sign_in" for 127.0.0.1 at 2010-10-05 18:50:14 +0800
  Processing by Devise::SessionsController#new as HTML
Rendered devise/shared/_links.erb (3.2ms)
Rendered devise/sessions/new.html.erb within layouts/application (17.2ms)
Completed 200 OK in 28ms (Views: 26.1ms)


Started POST "/users/sign_in" for 127.0.0.1 at 2010-10-05 18:50:16 +0800
  Processing by Devise::SessionsController#create as HTML
  Parameters: {"utf8"=>"✓", "authenticity_token"=>"upZ1LYINxsNMRLwlijf+Clums2A0TQqy8IjyZzz1R4o=", "user"=>{"email"=>"arthurtemptation@gmail.com", "password"=>"[FILTERED]", "remember_me"=>"0"}, "commit"=>"Sign in"}
Completed   in 3ms
  Processing by Devise::SessionsController#new as HTML
  Parameters: {"utf8"=>"✓", "authenticity_token"=>"upZ1LYINxsNMRLwlijf+Clums2A0TQqy8IjyZzz1R4o=", "user"=>{"email"=>"arthurtemptation@gmail.com", "password"=>"[FILTERED]", "remember_me"=>"0"}, "commit"=>"Sign in"}
Rendered devise/shared/_links.erb (3.0ms)
Rendered devise/sessions/new.html.erb within layouts/application (17.6ms)
Completed 200 OK in 28ms (Views: 26.2ms)


Started POST "/users/sign_in" for 127.0.0.1 at 2010-10-05 18:54:24 +0800
  Processing by Devise::SessionsController#create as HTML
  Parameters: {"utf8"=>"✓", "authenticity_token"=>"upZ1LYINxsNMRLwlijf+Clums2A0TQqy8IjyZzz1R4o=", "user"=>{"email"=>"arthurtemptation@gmail.com", "password"=>"[FILTERED]", "remember_me"=>"0"}, "commit"=>"Sign in"}
Completed   in 6ms
  Processing by Devise::SessionsController#new as HTML
  Parameters: {"utf8"=>"✓", "authenticity_token"=>"upZ1LYINxsNMRLwlijf+Clums2A0TQqy8IjyZzz1R4o=", "user"=>{"email"=>"arthurtemptation@gmail.com", "password"=>"[FILTERED]", "remember_me"=>"0"}, "commit"=>"Sign in"}
Rendered devise/shared/_links.erb (5.6ms)
Rendered devise/sessions/new.html.erb within layouts/application (22.5ms)
Completed 200 OK in 33ms (Views: 31.7ms)


Started GET "/" for 127.0.0.1 at 2010-10-05 18:54:28 +0800
  Processing by HomeController#index as HTML
Rendered home/index.html.erb within layouts/application (6.0ms)
Completed 200 OK in 16ms (Views: 15.1ms)


Started GET "/users/sign_in" for 127.0.0.1 at 2010-10-05 18:54:30 +0800
  Processing by Devise::SessionsController#new as HTML
Rendered devise/shared/_links.erb (2.7ms)
Rendered devise/sessions/new.html.erb within layouts/application (15.4ms)
Completed 200 OK in 25ms (Views: 23.5ms)


Started POST "/users/sign_in" for 127.0.0.1 at 2010-10-05 18:54:32 +0800
  Processing by Devise::SessionsController#create as HTML
  Parameters: {"utf8"=>"✓", "authenticity_token"=>"upZ1LYINxsNMRLwlijf+Clums2A0TQqy8IjyZzz1R4o=", "user"=>{"email"=>"arthurtemptation@gmail.com", "password"=>"[FILTERED]", "remember_me"=>"0"}, "commit"=>"Sign in"}
Completed   in 3ms
  Processing by Devise::SessionsController#new as HTML
  Parameters: {"utf8"=>"✓", "authenticity_token"=>"upZ1LYINxsNMRLwlijf+Clums2A0TQqy8IjyZzz1R4o=", "user"=>{"email"=>"arthurtemptation@gmail.com", "password"=>"[FILTERED]", "remember_me"=>"0"}, "commit"=>"Sign in"}
Rendered devise/shared/_links.erb (2.9ms)
Rendered devise/sessions/new.html.erb within layouts/application (16.3ms)
Completed 200 OK in 26ms (Views: 24.8ms)


Started POST "/users/sign_in?authenticity_token=upZ1LYINxsNMRLwlijf%2bClums2A0TQqy8IjyZzz1R4o%3d" for 127.0.0.1 at 2010-10-05 18:54:52 +0800
  Processing by Devise::SessionsController#create as HTML
  Parameters: {"authenticity_token"=>"upZ1LYINxsNMRLwlijf+Clums2A0TQqy8IjyZzz1R4o=", "token"=>"a24d9a3b0412c8f213517b5a515f8b0453f0e2e3"}
Redirected to http://localhost:3000/
Completed 302 Found in 1450ms


Started GET "/" for 127.0.0.1 at 2010-10-05 18:54:54 +0800
  Processing by HomeController#index as HTML
Rendered home/index.html.erb within layouts/application (6.8ms)
Completed 200 OK in 15ms (Views: 14.8ms)


Started GET "/admin" for 127.0.0.1 at 2010-10-05 18:54:58 +0800
  Processing by Admin::DashboardController#index as HTML
Rendered admin/dashboard/index.html.erb within layouts/application (5.2ms)
Completed 200 OK in 16ms (Views: 13.6ms)


Started GET "/users/sign_out" for 127.0.0.1 at 2010-10-05 18:55:00 +0800
  Processing by Devise::SessionsController#destroy as HTML
Redirected to http://localhost:3000/
Completed 302 Found in 4ms


Started GET "/" for 127.0.0.1 at 2010-10-05 18:55:00 +0800
  Processing by HomeController#index as HTML
Rendered home/index.html.erb within layouts/application (7.3ms)
Completed 200 OK in 16ms (Views: 15.3ms)


Started GET "/users/sign_in" for 127.0.0.1 at 2010-10-05 18:55:02 +0800
  Processing by Devise::SessionsController#new as HTML
Rendered devise/shared/_links.erb (46.0ms)
Rendered devise/sessions/new.html.erb within layouts/application (62.4ms)
Completed 200 OK in 73ms (Views: 71.0ms)


Started GET "/users/sign_in" for 127.0.0.1 at 2010-10-05 18:56:45 +0800
  Processing by Devise::SessionsController#new as HTML
Rendered devise/shared/_links.erb (4.0ms)
Rendered devise/sessions/new.html.erb within layouts/application (17.4ms)
Completed 200 OK in 27ms (Views: 26.0ms)


Started GET "/" for 127.0.0.1 at 2010-10-05 18:56:57 +0800
  Processing by HomeController#index as HTML
Rendered home/index.html.erb within layouts/application (6.1ms)
Completed 200 OK in 16ms (Views: 15.0ms)


Started GET "/" for 127.0.0.1 at 2010-10-05 18:58:17 +0800
  Processing by HomeController#index as HTML
Rendered home/index.html.erb within layouts/application (6.5ms)
Completed 200 OK in 16ms (Views: 15.2ms)


Started GET "/users/sign_in" for 127.0.0.1 at 2010-10-05 18:58:20 +0800
  Processing by Devise::SessionsController#new as HTML
Rendered devise/shared/_links.erb (2.6ms)
Rendered devise/sessions/new.html.erb within layouts/application (16.5ms)
Completed 200 OK in 71ms (Views: 69.2ms)


Started POST "/users/sign_in" for 127.0.0.1 at 2010-10-05 18:58:22 +0800
  Processing by Devise::SessionsController#create as HTML
  Parameters: {"utf8"=>"✓", "authenticity_token"=>"upZ1LYINxsNMRLwlijf+Clums2A0TQqy8IjyZzz1R4o=", "user"=>{"email"=>"arthurtemptation@gmail.com", "password"=>"[FILTERED]", "remember_me"=>"0"}, "commit"=>"Sign in"}
Completed   in 3ms
  Processing by Devise::SessionsController#new as HTML
  Parameters: {"utf8"=>"✓", "authenticity_token"=>"upZ1LYINxsNMRLwlijf+Clums2A0TQqy8IjyZzz1R4o=", "user"=>{"email"=>"arthurtemptation@gmail.com", "password"=>"[FILTERED]", "remember_me"=>"0"}, "commit"=>"Sign in"}
Rendered devise/shared/_links.erb (2.9ms)
Rendered devise/sessions/new.html.erb within layouts/application (16.8ms)
Completed 200 OK in 27ms (Views: 25.1ms)


Started POST "/users/sign_in" for 127.0.0.1 at 2010-10-05 18:58:25 +0800
  Processing by Devise::SessionsController#create as HTML
  Parameters: {"utf8"=>"✓", "authenticity_token"=>"upZ1LYINxsNMRLwlijf+Clums2A0TQqy8IjyZzz1R4o=", "user"=>{"email"=>"arthurtemptation@gmail.com", "password"=>"[FILTERED]", "remember_me"=>"0"}, "commit"=>"Sign in"}
Completed   in 3ms
  Processing by Devise::SessionsController#new as HTML
  Parameters: {"utf8"=>"✓", "authenticity_token"=>"upZ1LYINxsNMRLwlijf+Clums2A0TQqy8IjyZzz1R4o=", "user"=>{"email"=>"arthurtemptation@gmail.com", "password"=>"[FILTERED]", "remember_me"=>"0"}, "commit"=>"Sign in"}
Rendered devise/shared/_links.erb (3.0ms)
Rendered devise/sessions/new.html.erb within layouts/application (15.9ms)
Completed 200 OK in 26ms (Views: 24.0ms)


Started POST "/users/sign_in" for 127.0.0.1 at 2010-10-05 18:58:27 +0800
  Processing by Devise::SessionsController#create as HTML
  Parameters: {"utf8"=>"✓", "authenticity_token"=>"upZ1LYINxsNMRLwlijf+Clums2A0TQqy8IjyZzz1R4o=", "user"=>{"email"=>"arthurtemptation@gmail.com", "password"=>"[FILTERED]", "remember_me"=>"0"}, "commit"=>"Sign in"}
Completed   in 3ms
  Processing by Devise::SessionsController#new as HTML
  Parameters: {"utf8"=>"✓", "authenticity_token"=>"upZ1LYINxsNMRLwlijf+Clums2A0TQqy8IjyZzz1R4o=", "user"=>{"email"=>"arthurtemptation@gmail.com", "password"=>"[FILTERED]", "remember_me"=>"0"}, "commit"=>"Sign in"}
Rendered devise/shared/_links.erb (3.0ms)
Rendered devise/sessions/new.html.erb within layouts/application (15.7ms)
Completed 200 OK in 25ms (Views: 23.8ms)


Started POST "/users/sign_in" for 127.0.0.1 at 2010-10-05 18:58:28 +0800
  Processing by Devise::SessionsController#create as HTML
  Parameters: {"utf8"=>"✓", "authenticity_token"=>"upZ1LYINxsNMRLwlijf+Clums2A0TQqy8IjyZzz1R4o=", "user"=>{"email"=>"arthurtemptation@gmail.com", "password"=>"[FILTERED]", "remember_me"=>"0"}, "commit"=>"Sign in"}
Completed   in 3ms
  Processing by Devise::SessionsController#new as HTML
  Parameters: {"utf8"=>"✓", "authenticity_token"=>"upZ1LYINxsNMRLwlijf+Clums2A0TQqy8IjyZzz1R4o=", "user"=>{"email"=>"arthurtemptation@gmail.com", "password"=>"[FILTERED]", "remember_me"=>"0"}, "commit"=>"Sign in"}
Rendered devise/shared/_links.erb (2.8ms)
Rendered devise/sessions/new.html.erb within layouts/application (17.3ms)
Completed 200 OK in 27ms (Views: 25.4ms)


Started POST "/users/sign_in" for 127.0.0.1 at 2010-10-05 18:58:32 +0800
  Processing by Devise::SessionsController#create as HTML
  Parameters: {"utf8"=>"✓", "authenticity_token"=>"upZ1LYINxsNMRLwlijf+Clums2A0TQqy8IjyZzz1R4o=", "user"=>{"email"=>"arthurtemptation@gmail.com", "password"=>"[FILTERED]", "remember_me"=>"0"}, "commit"=>"Sign in"}
Completed   in 3ms
  Processing by Devise::SessionsController#new as HTML
  Parameters: {"utf8"=>"✓", "authenticity_token"=>"upZ1LYINxsNMRLwlijf+Clums2A0TQqy8IjyZzz1R4o=", "user"=>{"email"=>"arthurtemptation@gmail.com", "password"=>"[FILTERED]", "remember_me"=>"0"}, "commit"=>"Sign in"}
Rendered devise/shared/_links.erb (2.6ms)
Rendered devise/sessions/new.html.erb within layouts/application (15.3ms)
Completed 200 OK in 25ms (Views: 23.7ms)


Started POST "/users/sign_in" for 127.0.0.1 at 2010-10-05 18:58:33 +0800
  Processing by Devise::SessionsController#create as HTML
  Parameters: {"utf8"=>"✓", "authenticity_token"=>"upZ1LYINxsNMRLwlijf+Clums2A0TQqy8IjyZzz1R4o=", "user"=>{"email"=>"arthurtemptation@gmail.com", "password"=>"[FILTERED]", "remember_me"=>"0"}, "commit"=>"Sign in"}
Completed   in 3ms
  Processing by Devise::SessionsController#new as HTML
  Parameters: {"utf8"=>"✓", "authenticity_token"=>"upZ1LYINxsNMRLwlijf+Clums2A0TQqy8IjyZzz1R4o=", "user"=>{"email"=>"arthurtemptation@gmail.com", "password"=>"[FILTERED]", "remember_me"=>"0"}, "commit"=>"Sign in"}
Rendered devise/shared/_links.erb (3.1ms)
Rendered devise/sessions/new.html.erb within layouts/application (15.9ms)
Completed 200 OK in 26ms (Views: 24.1ms)


Started POST "/users/sign_in" for 127.0.0.1 at 2010-10-05 18:58:34 +0800
  Processing by Devise::SessionsController#create as HTML
  Parameters: {"utf8"=>"✓", "authenticity_token"=>"upZ1LYINxsNMRLwlijf+Clums2A0TQqy8IjyZzz1R4o=", "user"=>{"email"=>"arthurtemptation@gmail.com", "password"=>"[FILTERED]", "remember_me"=>"0"}, "commit"=>"Sign in"}
Completed   in 3ms
  Processing by Devise::SessionsController#new as HTML
  Parameters: {"utf8"=>"✓", "authenticity_token"=>"upZ1LYINxsNMRLwlijf+Clums2A0TQqy8IjyZzz1R4o=", "user"=>{"email"=>"arthurtemptation@gmail.com", "password"=>"[FILTERED]", "remember_me"=>"0"}, "commit"=>"Sign in"}
Rendered devise/shared/_links.erb (2.9ms)
Rendered devise/sessions/new.html.erb within layouts/application (15.9ms)
Completed 200 OK in 26ms (Views: 24.3ms)


Started POST "/users/sign_in?authenticity_token=upZ1LYINxsNMRLwlijf%2bClums2A0TQqy8IjyZzz1R4o%3d" for 127.0.0.1 at 2010-10-05 18:59:29 +0800
  Processing by Devise::SessionsController#create as HTML
  Parameters: {"authenticity_token"=>"upZ1LYINxsNMRLwlijf+Clums2A0TQqy8IjyZzz1R4o=", "token"=>"e4730a88d309549cfd11d0ab880a12b26b03e179"}
Redirected to http://localhost:3000/
Completed 302 Found in 1493ms


Started GET "/" for 127.0.0.1 at 2010-10-05 18:59:31 +0800
  Processing by HomeController#index as HTML
Rendered home/index.html.erb within layouts/application (6.8ms)
Completed 200 OK in 15ms (Views: 14.8ms)


Started GET "/users/sign_out" for 127.0.0.1 at 2010-10-05 19:01:23 +0800
  Processing by Devise::SessionsController#destroy as HTML
Redirected to http://localhost:3000/
Completed 302 Found in 4ms


Started GET "/" for 127.0.0.1 at 2010-10-05 19:01:23 +0800
  Processing by HomeController#index as HTML
Rendered home/index.html.erb within layouts/application (6.1ms)
Completed 200 OK in 15ms (Views: 14.4ms)


Started GET "/users/sign_in" for 127.0.0.1 at 2010-10-05 19:01:53 +0800
  Processing by Devise::SessionsController#new as HTML
Rendered devise/shared/_links.erb (2.7ms)
Rendered devise/sessions/new.html.erb within layouts/application (17.0ms)
Completed 200 OK in 27ms (Views: 25.0ms)


Started POST "/users/sign_in" for 127.0.0.1 at 2010-10-05 19:02:15 +0800
  Processing by Devise::SessionsController#create as HTML
  Parameters: {"utf8"=>"✓", "authenticity_token"=>"upZ1LYINxsNMRLwlijf+Clums2A0TQqy8IjyZzz1R4o=", "user"=>{"email"=>"123@123.com", "password"=>"[FILTERED]", "remember_me"=>"0"}, "commit"=>"Sign in"}
Completed   in 2ms
  Processing by Devise::SessionsController#new as HTML
  Parameters: {"utf8"=>"✓", "authenticity_token"=>"upZ1LYINxsNMRLwlijf+Clums2A0TQqy8IjyZzz1R4o=", "user"=>{"email"=>"123@123.com", "password"=>"[FILTERED]", "remember_me"=>"0"}, "commit"=>"Sign in"}
Rendered devise/shared/_links.erb (2.7ms)
Rendered devise/sessions/new.html.erb within layouts/application (15.5ms)
Completed 200 OK in 26ms (Views: 24.2ms)


Started POST "/users/sign_in" for 127.0.0.1 at 2010-10-05 19:03:37 +0800
  Processing by Devise::SessionsController#create as HTML
  Parameters: {"utf8"=>"✓", "authenticity_token"=>"upZ1LYINxsNMRLwlijf+Clums2A0TQqy8IjyZzz1R4o=", "user"=>{"email"=>"123@123.com", "password"=>"[FILTERED]", "remember_me"=>"0"}, "commit"=>"Sign in"}
Completed   in 2ms
  Processing by Devise::SessionsController#new as HTML
  Parameters: {"utf8"=>"✓", "authenticity_token"=>"upZ1LYINxsNMRLwlijf+Clums2A0TQqy8IjyZzz1R4o=", "user"=>{"email"=>"123@123.com", "password"=>"[FILTERED]", "remember_me"=>"0"}, "commit"=>"Sign in"}
Rendered devise/shared/_links.erb (3.2ms)
Rendered devise/sessions/new.html.erb within layouts/application (16.2ms)
Completed 200 OK in 26ms (Views: 24.5ms)


Started GET "/users/sign_in" for 127.0.0.1 at 2010-10-05 19:03:40 +0800
  Processing by Devise::SessionsController#new as HTML
Rendered devise/shared/_links.erb (2.9ms)
Rendered devise/sessions/new.html.erb within layouts/application (17.1ms)
Completed 200 OK in 27ms (Views: 25.7ms)


Started POST "/users/sign_in" for 127.0.0.1 at 2010-10-05 19:03:41 +0800
  Processing by Devise::SessionsController#create as HTML
  Parameters: {"utf8"=>"✓", "authenticity_token"=>"upZ1LYINxsNMRLwlijf+Clums2A0TQqy8IjyZzz1R4o=", "user"=>{"email"=>"arthurtemptation@gmail.com", "password"=>"[FILTERED]", "remember_me"=>"0"}, "commit"=>"Sign in"}
Completed   in 3ms
  Processing by Devise::SessionsController#new as HTML
  Parameters: {"utf8"=>"✓", "authenticity_token"=>"upZ1LYINxsNMRLwlijf+Clums2A0TQqy8IjyZzz1R4o=", "user"=>{"email"=>"arthurtemptation@gmail.com", "password"=>"[FILTERED]", "remember_me"=>"0"}, "commit"=>"Sign in"}
Rendered devise/shared/_links.erb (2.7ms)
Rendered devise/sessions/new.html.erb within layouts/application (15.4ms)
Completed 200 OK in 25ms (Views: 23.9ms)


Started POST "/users/sign_in" for 127.0.0.1 at 2010-10-05 19:03:44 +0800
  Processing by Devise::SessionsController#create as HTML
  Parameters: {"utf8"=>"✓", "authenticity_token"=>"upZ1LYINxsNMRLwlijf+Clums2A0TQqy8IjyZzz1R4o=", "user"=>{"email"=>"arthurtemptation@gmail.com", "password"=>"[FILTERED]", "remember_me"=>"0"}, "commit"=>"Sign in"}
Completed   in 3ms
  Processing by Devise::SessionsController#new as HTML
  Parameters: {"utf8"=>"✓", "authenticity_token"=>"upZ1LYINxsNMRLwlijf+Clums2A0TQqy8IjyZzz1R4o=", "user"=>{"email"=>"arthurtemptation@gmail.com", "password"=>"[FILTERED]", "remember_me"=>"0"}, "commit"=>"Sign in"}
Rendered devise/shared/_links.erb (2.7ms)
Rendered devise/sessions/new.html.erb within layouts/application (15.8ms)
Completed 200 OK in 25ms (Views: 23.9ms)


Started POST "/users/sign_in" for 127.0.0.1 at 2010-10-05 19:03:45 +0800
  Processing by Devise::SessionsController#create as HTML
  Parameters: {"utf8"=>"✓", "authenticity_token"=>"upZ1LYINxsNMRLwlijf+Clums2A0TQqy8IjyZzz1R4o=", "user"=>{"email"=>"arthurtemptation@gmail.com", "password"=>"[FILTERED]", "remember_me"=>"0"}, "commit"=>"Sign in"}
Completed   in 3ms
  Processing by Devise::SessionsController#new as HTML
  Parameters: {"utf8"=>"✓", "authenticity_token"=>"upZ1LYINxsNMRLwlijf+Clums2A0TQqy8IjyZzz1R4o=", "user"=>{"email"=>"arthurtemptation@gmail.com", "password"=>"[FILTERED]", "remember_me"=>"0"}, "commit"=>"Sign in"}
Rendered devise/shared/_links.erb (2.6ms)
Rendered devise/sessions/new.html.erb within layouts/application (15.2ms)
Completed 200 OK in 25ms (Views: 23.4ms)


Started GET "/" for 127.0.0.1 at 2010-10-05 19:03:57 +0800
  Processing by HomeController#index as HTML
Rendered home/index.html.erb within layouts/application (5.7ms)
Completed 200 OK in 15ms (Views: 14.0ms)


Started GET "/users/sign_in" for 127.0.0.1 at 2010-10-05 19:04:03 +0800
  Processing by Devise::SessionsController#new as HTML
Rendered devise/shared/_links.erb (2.8ms)
Rendered devise/sessions/new.html.erb within layouts/application (15.7ms)
Completed 200 OK in 25ms (Views: 23.8ms)


Started GET "/users/sign_in" for 127.0.0.1 at 2010-10-05 19:04:16 +0800
  Processing by Devise::SessionsController#new as HTML
Rendered devise/shared/_links.erb (2.6ms)
Rendered devise/sessions/new.html.erb within layouts/application (15.4ms)
Completed 200 OK in 25ms (Views: 23.3ms)


Started POST "/users/sign_in" for 127.0.0.1 at 2010-10-05 19:04:44 +0800
  Processing by Devise::SessionsController#create as HTML
  Parameters: {"utf8"=>"✓", "authenticity_token"=>"Rk4DeHJDkNR2QQHKFLEAO1nBqcMNzJDDt11i8VHyL6A=", "user"=>{"email"=>"arthurtemptation@gmail.com", "password"=>"[FILTERED]", "remember_me"=>"0"}, "commit"=>"Sign in"}
Completed   in 3ms
  Processing by Devise::SessionsController#new as HTML
  Parameters: {"utf8"=>"✓", "authenticity_token"=>"Rk4DeHJDkNR2QQHKFLEAO1nBqcMNzJDDt11i8VHyL6A=", "user"=>{"email"=>"arthurtemptation@gmail.com", "password"=>"[FILTERED]", "remember_me"=>"0"}, "commit"=>"Sign in"}
Rendered devise/shared/_links.erb (2.8ms)
Rendered devise/sessions/new.html.erb within layouts/application (16.2ms)
Completed 200 OK in 27ms (Views: 25.0ms)


Started POST "/users/sign_in" for 127.0.0.1 at 2010-10-05 19:05:00 +0800
  Processing by Devise::SessionsController#create as HTML
  Parameters: {"utf8"=>"✓", "authenticity_token"=>"Rk4DeHJDkNR2QQHKFLEAO1nBqcMNzJDDt11i8VHyL6A=", "user"=>{"email"=>"arthurtemptation@gmail.com", "password"=>"[FILTERED]", "remember_me"=>"0"}, "commit"=>"Sign in"}
Completed   in 1ms
  Processing by Devise::SessionsController#new as HTML
  Parameters: {"utf8"=>"✓", "authenticity_token"=>"Rk4DeHJDkNR2QQHKFLEAO1nBqcMNzJDDt11i8VHyL6A=", "user"=>{"email"=>"arthurtemptation@gmail.com", "password"=>"[FILTERED]", "remember_me"=>"0"}, "commit"=>"Sign in"}
Rendered devise/shared/_links.erb (2.7ms)
Rendered devise/sessions/new.html.erb within layouts/application (15.3ms)
Completed 200 OK in 25ms (Views: 23.2ms)


Started GET "/" for 127.0.0.1 at 2010-10-05 19:08:51 +0800
  Processing by HomeController#index as HTML
Rendered home/index.html.erb within layouts/application (5.7ms)
Completed 200 OK in 16ms (Views: 14.9ms)


Started GET "/users/sign_in" for 127.0.0.1 at 2010-10-05 19:08:53 +0800
  Processing by Devise::SessionsController#new as HTML
Rendered devise/shared/_links.erb (2.7ms)
Rendered devise/sessions/new.html.erb within layouts/application (16.4ms)
Completed 200 OK in 26ms (Views: 25.1ms)


Started POST "/users/sign_in" for 127.0.0.1 at 2010-10-05 19:08:55 +0800
  Processing by Devise::SessionsController#create as HTML
  Parameters: {"utf8"=>"✓", "authenticity_token"=>"upZ1LYINxsNMRLwlijf+Clums2A0TQqy8IjyZzz1R4o=", "user"=>{"email"=>"arthurtemptation@gmail.com", "password"=>"[FILTERED]", "remember_me"=>"0"}, "commit"=>"Sign in"}
Completed   in 4ms
  Processing by Devise::SessionsController#new as HTML
  Parameters: {"utf8"=>"✓", "authenticity_token"=>"upZ1LYINxsNMRLwlijf+Clums2A0TQqy8IjyZzz1R4o=", "user"=>{"email"=>"arthurtemptation@gmail.com", "password"=>"[FILTERED]", "remember_me"=>"0"}, "commit"=>"Sign in"}
Rendered devise/shared/_links.erb (2.6ms)
Rendered devise/sessions/new.html.erb within layouts/application (15.4ms)
Completed 200 OK in 301ms (Views: 23.7ms)


Started POST "/users/sign_in" for 127.0.0.1 at 2010-10-05 19:10:57 +0800
  Processing by Devise::SessionsController#create as HTML
  Parameters: {"utf8"=>"✓", "authenticity_token"=>"upZ1LYINxsNMRLwlijf+Clums2A0TQqy8IjyZzz1R4o=", "user"=>{"email"=>"arthurtemptation@gmail.com", "password"=>"[FILTERED]", "remember_me"=>"0"}, "commit"=>"Sign in"}
Completed   in 3ms
  Processing by Devise::SessionsController#new as HTML
  Parameters: {"utf8"=>"✓", "authenticity_token"=>"upZ1LYINxsNMRLwlijf+Clums2A0TQqy8IjyZzz1R4o=", "user"=>{"email"=>"arthurtemptation@gmail.com", "password"=>"[FILTERED]", "remember_me"=>"0"}, "commit"=>"Sign in"}
Rendered devise/shared/_links.erb (2.9ms)
Rendered devise/sessions/new.html.erb within layouts/application (19.1ms)
Completed 200 OK in 240ms (Views: 29.0ms)


Started POST "/users/sign_in" for 127.0.0.1 at 2010-10-05 19:11:00 +0800
  Processing by Devise::SessionsController#create as HTML
  Parameters: {"utf8"=>"✓", "authenticity_token"=>"upZ1LYINxsNMRLwlijf+Clums2A0TQqy8IjyZzz1R4o=", "user"=>{"email"=>"arthurtemptation@gmail.com", "password"=>"[FILTERED]", "remember_me"=>"0"}, "commit"=>"Sign in"}
Completed   in 3ms
  Processing by Devise::SessionsController#new as HTML
  Parameters: {"utf8"=>"✓", "authenticity_token"=>"upZ1LYINxsNMRLwlijf+Clums2A0TQqy8IjyZzz1R4o=", "user"=>{"email"=>"arthurtemptation@gmail.com", "password"=>"[FILTERED]", "remember_me"=>"0"}, "commit"=>"Sign in"}
Rendered devise/shared/_links.erb (2.9ms)
Rendered devise/sessions/new.html.erb within layouts/application (16.6ms)
Completed 200 OK in 215ms (Views: 26.2ms)


Started GET "/" for 127.0.0.1 at 2010-10-05 19:11:07 +0800
  Processing by HomeController#index as HTML
Rendered home/index.html.erb within layouts/application (6.0ms)
Completed 200 OK in 15ms (Views: 14.8ms)


Started GET "/users/sign_in" for 127.0.0.1 at 2010-10-05 19:11:09 +0800
  Processing by Devise::SessionsController#new as HTML
Rendered devise/shared/_links.erb (2.6ms)
Rendered devise/sessions/new.html.erb within layouts/application (15.3ms)
Completed 200 OK in 25ms (Views: 23.3ms)


Started POST "/users/sign_in" for 127.0.0.1 at 2010-10-05 19:11:11 +0800
  Processing by Devise::SessionsController#create as HTML
  Parameters: {"utf8"=>"✓", "authenticity_token"=>"upZ1LYINxsNMRLwlijf+Clums2A0TQqy8IjyZzz1R4o=", "user"=>{"email"=>"arthurtemptation@gmail.com", "password"=>"[FILTERED]", "remember_me"=>"0"}, "commit"=>"Sign in"}
Completed   in 3ms
  Processing by Devise::SessionsController#new as HTML
  Parameters: {"utf8"=>"✓", "authenticity_token"=>"upZ1LYINxsNMRLwlijf+Clums2A0TQqy8IjyZzz1R4o=", "user"=>{"email"=>"arthurtemptation@gmail.com", "password"=>"[FILTERED]", "remember_me"=>"0"}, "commit"=>"Sign in"}
Rendered devise/shared/_links.erb (2.9ms)
Rendered devise/sessions/new.html.erb within layouts/application (66.7ms)
Completed 200 OK in 259ms (Views: 75.2ms)


Started GET "/" for 127.0.0.1 at 2010-10-05 19:11:38 +0800
  Processing by HomeController#index as HTML
Rendered home/index.html.erb within layouts/application (5.9ms)
Completed 200 OK in 15ms (Views: 14.7ms)


Started GET "/users/sign_in" for 127.0.0.1 at 2010-10-05 19:11:40 +0800
  Processing by Devise::SessionsController#new as HTML
Rendered devise/shared/_links.erb (2.6ms)
Rendered devise/sessions/new.html.erb within layouts/application (15.1ms)
Completed 200 OK in 25ms (Views: 23.3ms)


Started POST "/users/sign_in" for 127.0.0.1 at 2010-10-05 19:11:42 +0800
  Processing by Devise::SessionsController#create as HTML
  Parameters: {"utf8"=>"✓", "authenticity_token"=>"upZ1LYINxsNMRLwlijf+Clums2A0TQqy8IjyZzz1R4o=", "user"=>{"email"=>"arthurtemptation@gmail.com", "password"=>"[FILTERED]", "remember_me"=>"0"}, "commit"=>"Sign in"}
Completed   in 2ms

Mongo::ConnectionFailure (Operation failed with the following exception: You have a nil object when you didn't expect it!
You might have expected an instance of Array.
The error occurred while evaluating nil.length):
  

Rendered /usr/lib/ruby/gems/1.9.1/gems/actionpack-3.0.0/lib/action_dispatch/middleware/templates/rescues/_trace.erb (2.7ms)
Rendered /usr/lib/ruby/gems/1.9.1/gems/actionpack-3.0.0/lib/action_dispatch/middleware/templates/rescues/_request_and_response.erb (144.5ms)
Rendered /usr/lib/ruby/gems/1.9.1/gems/actionpack-3.0.0/lib/action_dispatch/middleware/templates/rescues/diagnostics.erb within rescues/layout (195.2ms)


Started POST "/users/sign_in" for 127.0.0.1 at 2010-10-05 19:14:05 +0800
  Processing by Devise::SessionsController#create as HTML
  Parameters: {"utf8"=>"✓", "authenticity_token"=>"upZ1LYINxsNMRLwlijf+Clums2A0TQqy8IjyZzz1R4o=", "user"=>{"email"=>"arthurtemptation@gmail.com", "password"=>"[FILTERED]", "remember_me"=>"0"}, "commit"=>"Sign in"}
Completed   in 446ms
  Processing by Devise::SessionsController#new as HTML
  Parameters: {"utf8"=>"✓", "authenticity_token"=>"upZ1LYINxsNMRLwlijf+Clums2A0TQqy8IjyZzz1R4o=", "user"=>{"email"=>"arthurtemptation@gmail.com", "password"=>"[FILTERED]", "remember_me"=>"0"}, "commit"=>"Sign in"}
Rendered devise/shared/_links.erb (2.8ms)
Rendered devise/sessions/new.html.erb within layouts/application (15.8ms)
Completed 200 OK in 214ms (Views: 24.2ms)


Started POST "/users/sign_in" for 127.0.0.1 at 2010-10-05 19:14:10 +0800
  Processing by Devise::SessionsController#create as HTML
  Parameters: {"utf8"=>"✓", "authenticity_token"=>"upZ1LYINxsNMRLwlijf+Clums2A0TQqy8IjyZzz1R4o=", "user"=>{"email"=>"arthurtemptation@gmail.com", "password"=>"[FILTERED]", "remember_me"=>"0"}, "commit"=>"Sign in"}
Completed   in 4ms
  Processing by Devise::SessionsController#new as HTML
  Parameters: {"utf8"=>"✓", "authenticity_token"=>"upZ1LYINxsNMRLwlijf+Clums2A0TQqy8IjyZzz1R4o=", "user"=>{"email"=>"arthurtemptation@gmail.com", "password"=>"[FILTERED]", "remember_me"=>"0"}, "commit"=>"Sign in"}
Rendered devise/shared/_links.erb (2.7ms)
Rendered devise/sessions/new.html.erb within layouts/application (16.4ms)
Completed 200 OK in 288ms (Views: 25.0ms)


Started POST "/users/sign_in" for 127.0.0.1 at 2010-10-05 19:14:13 +0800
  Processing by Devise::SessionsController#create as HTML
  Parameters: {"utf8"=>"✓", "authenticity_token"=>"upZ1LYINxsNMRLwlijf+Clums2A0TQqy8IjyZzz1R4o=", "user"=>{"email"=>"arthurtemptation@gmail.com", "password"=>"[FILTERED]", "remember_me"=>"0"}, "commit"=>"Sign in"}
Completed   in 3ms
  Processing by Devise::SessionsController#new as HTML
  Parameters: {"utf8"=>"✓", "authenticity_token"=>"upZ1LYINxsNMRLwlijf+Clums2A0TQqy8IjyZzz1R4o=", "user"=>{"email"=>"arthurtemptation@gmail.com", "password"=>"[FILTERED]", "remember_me"=>"0"}, "commit"=>"Sign in"}
Rendered devise/shared/_links.erb (2.9ms)
Rendered devise/sessions/new.html.erb within layouts/application (15.9ms)
Completed 200 OK in 220ms (Views: 24.0ms)


Started POST "/users/sign_in" for 127.0.0.1 at 2010-10-05 19:15:52 +0800
  Processing by Devise::SessionsController#create as HTML
  Parameters: {"utf8"=>"✓", "authenticity_token"=>"Rk4DeHJDkNR2QQHKFLEAO1nBqcMNzJDDt11i8VHyL6A=", "user"=>{"email"=>"arthurtemptation@gmail.com", "password"=>"[FILTERED]", "remember_me"=>"0"}, "commit"=>"Sign in"}
Completed   in 3ms
  Processing by Devise::SessionsController#new as HTML
  Parameters: {"utf8"=>"✓", "authenticity_token"=>"Rk4DeHJDkNR2QQHKFLEAO1nBqcMNzJDDt11i8VHyL6A=", "user"=>{"email"=>"arthurtemptation@gmail.com", "password"=>"[FILTERED]", "remember_me"=>"0"}, "commit"=>"Sign in"}
Rendered devise/shared/_links.erb (2.7ms)
Rendered devise/sessions/new.html.erb within layouts/application (15.4ms)
Completed 200 OK in 214ms (Views: 23.7ms)


Started GET "/" for 127.0.0.1 at 2010-10-05 19:21:07 +0800
  Processing by HomeController#index as HTML
Rendered home/index.html.erb within layouts/application (5.8ms)
Completed 200 OK in 14ms (Views: 13.9ms)


Started GET "/users/sign_in" for 127.0.0.1 at 2010-10-05 19:21:09 +0800
  Processing by Devise::SessionsController#new as HTML
Rendered devise/shared/_links.erb (2.7ms)
Rendered devise/sessions/new.html.erb within layouts/application (15.5ms)
Completed 200 OK in 25ms (Views: 23.7ms)


Started POST "/users/sign_in" for 127.0.0.1 at 2010-10-05 19:21:11 +0800
  Processing by Devise::SessionsController#create as HTML
  Parameters: {"utf8"=>"✓", "authenticity_token"=>"upZ1LYINxsNMRLwlijf+Clums2A0TQqy8IjyZzz1R4o=", "user"=>{"email"=>"arthurtemptation@gmail.com", "password"=>"[FILTERED]", "remember_me"=>"0"}, "commit"=>"Sign in"}
Completed   in 3ms
  Processing by Devise::SessionsController#new as HTML
  Parameters: {"utf8"=>"✓", "authenticity_token"=>"upZ1LYINxsNMRLwlijf+Clums2A0TQqy8IjyZzz1R4o=", "user"=>{"email"=>"arthurtemptation@gmail.com", "password"=>"[FILTERED]", "remember_me"=>"0"}, "commit"=>"Sign in"}
Rendered devise/shared/_links.erb (2.7ms)
Rendered devise/sessions/new.html.erb within layouts/application (15.8ms)
Completed 200 OK in 218ms (Views: 24.1ms)


Started POST "/users/sign_in" for 127.0.0.1 at 2010-10-05 19:21:14 +0800
  Processing by Devise::SessionsController#create as HTML
  Parameters: {"utf8"=>"✓", "authenticity_token"=>"upZ1LYINxsNMRLwlijf+Clums2A0TQqy8IjyZzz1R4o=", "user"=>{"email"=>"arthurtemptation@gmail.com", "password"=>"[FILTERED]", "remember_me"=>"1"}, "commit"=>"Sign in"}
Completed   in 3ms
  Processing by Devise::SessionsController#new as HTML
  Parameters: {"utf8"=>"✓", "authenticity_token"=>"upZ1LYINxsNMRLwlijf+Clums2A0TQqy8IjyZzz1R4o=", "user"=>{"email"=>"arthurtemptation@gmail.com", "password"=>"[FILTERED]", "remember_me"=>"1"}, "commit"=>"Sign in"}
Rendered devise/shared/_links.erb (2.7ms)
Rendered devise/sessions/new.html.erb within layouts/application (15.9ms)
Completed 200 OK in 255ms (Views: 69.7ms)


Started POST "/users/sign_in" for 127.0.0.1 at 2010-10-05 19:21:15 +0800
  Processing by Devise::SessionsController#create as HTML
  Parameters: {"utf8"=>"✓", "authenticity_token"=>"upZ1LYINxsNMRLwlijf+Clums2A0TQqy8IjyZzz1R4o=", "user"=>{"email"=>"arthurtemptation@gmail.com", "password"=>"[FILTERED]", "remember_me"=>"1"}, "commit"=>"Sign in"}
Completed   in 3ms
  Processing by Devise::SessionsController#new as HTML
  Parameters: {"utf8"=>"✓", "authenticity_token"=>"upZ1LYINxsNMRLwlijf+Clums2A0TQqy8IjyZzz1R4o=", "user"=>{"email"=>"arthurtemptation@gmail.com", "password"=>"[FILTERED]", "remember_me"=>"1"}, "commit"=>"Sign in"}
Rendered devise/shared/_links.erb (2.6ms)
Rendered devise/sessions/new.html.erb within layouts/application (15.2ms)
Completed 200 OK in 233ms (Views: 23.5ms)


Started GET "/users/sign_in" for 127.0.0.1 at 2010-10-05 19:21:57 +0800
  Processing by Devise::SessionsController#new as HTML
Rendered devise/shared/_links.erb (2.6ms)
Rendered devise/sessions/new.html.erb within layouts/application (14.8ms)
Completed 200 OK in 25ms (Views: 23.3ms)


Started GET "/" for 127.0.0.1 at 2010-10-05 19:22:02 +0800
  Processing by HomeController#index as HTML
Rendered home/index.html.erb within layouts/application (5.5ms)
Completed 200 OK in 14ms (Views: 13.8ms)


Started GET "/users/register" for 127.0.0.1 at 2010-10-05 19:22:10 +0800
  Processing by Devise::RegistrationsController#new as HTML
Rendered devise/shared/_links.erb (2.6ms)
Rendered devise/registrations/new.html.erb within layouts/application (15.0ms)
Completed 200 OK in 25ms (Views: 23.8ms)


Started POST "/users" for 127.0.0.1 at 2010-10-05 19:22:17 +0800
  Processing by Devise::RegistrationsController#create as HTML
  Parameters: {"utf8"=>"✓", "authenticity_token"=>"upZ1LYINxsNMRLwlijf+Clums2A0TQqy8IjyZzz1R4o=", "user"=>{"email"=>"arthurtemptation@gmail.com", "password"=>"[FILTERED]", "password_confirmation"=>"[FILTERED]"}, "commit"=>"Sign up"}
Rendered devise/shared/_links.erb (3.0ms)
Rendered devise/registrations/new.html.erb within layouts/application (21.5ms)
Completed 200 OK in 331ms (Views: 34.0ms)


Started POST "/users" for 127.0.0.1 at 2010-10-05 19:22:46 +0800
  Processing by Devise::RegistrationsController#create as HTML
  Parameters: {"utf8"=>"✓", "authenticity_token"=>"upZ1LYINxsNMRLwlijf+Clums2A0TQqy8IjyZzz1R4o=", "user"=>{"email"=>"arthurtemptation@gmail.com", "password"=>"[FILTERED]", "password_confirmation"=>"[FILTERED]"}, "commit"=>"Sign up"}
Rendered devise/shared/_links.erb (3.6ms)
Rendered devise/registrations/new.html.erb within layouts/application (35.4ms)
Completed 200 OK in 266ms (Views: 46.8ms)


Started GET "/users" for 127.0.0.1 at 2010-10-05 19:22:52 +0800

ActionController::RoutingError (No route matches "/users"):
  

Rendered /usr/lib/ruby/gems/1.9.1/gems/actionpack-3.0.0/lib/action_dispatch/middleware/templates/rescues/routing_error.erb within rescues/layout (2.6ms)


Started GET "/" for 127.0.0.1 at 2010-10-05 19:22:55 +0800
  Processing by HomeController#index as HTML
Rendered home/index.html.erb within layouts/application (5.8ms)
Completed 200 OK in 15ms (Views: 14.1ms)


Started GET "/users/sign_in" for 127.0.0.1 at 2010-10-05 19:22:57 +0800
  Processing by Devise::SessionsController#new as HTML
Rendered devise/shared/_links.erb (2.8ms)
Rendered devise/sessions/new.html.erb within layouts/application (15.5ms)
Completed 200 OK in 25ms (Views: 23.4ms)


Started POST "/users/sign_in" for 127.0.0.1 at 2010-10-05 19:23:00 +0800
  Processing by Devise::SessionsController#create as HTML
  Parameters: {"utf8"=>"✓", "authenticity_token"=>"upZ1LYINxsNMRLwlijf+Clums2A0TQqy8IjyZzz1R4o=", "user"=>{"email"=>"arthurtemptation@gmail.com", "password"=>"[FILTERED]", "remember_me"=>"0"}, "commit"=>"Sign in"}
Completed   in 3ms
  Processing by Devise::SessionsController#new as HTML
  Parameters: {"utf8"=>"✓", "authenticity_token"=>"upZ1LYINxsNMRLwlijf+Clums2A0TQqy8IjyZzz1R4o=", "user"=>{"email"=>"arthurtemptation@gmail.com", "password"=>"[FILTERED]", "remember_me"=>"0"}, "commit"=>"Sign in"}
Rendered devise/shared/_links.erb (2.7ms)
Rendered devise/sessions/new.html.erb within layouts/application (16.7ms)
Completed 200 OK in 269ms (Views: 77.3ms)


Started GET "/users/register" for 127.0.0.1 at 2010-10-05 19:23:04 +0800
  Processing by Devise::RegistrationsController#new as HTML
Rendered devise/shared/_links.erb (2.7ms)
Rendered devise/registrations/new.html.erb within layouts/application (15.5ms)
Completed 200 OK in 25ms (Views: 23.6ms)


Started POST "/users" for 127.0.0.1 at 2010-10-05 19:23:28 +0800
  Processing by Devise::RegistrationsController#create as HTML
  Parameters: {"utf8"=>"✓", "authenticity_token"=>"upZ1LYINxsNMRLwlijf+Clums2A0TQqy8IjyZzz1R4o=", "user"=>{"email"=>"123@yahoo.com", "password"=>"[FILTERED]", "password_confirmation"=>"[FILTERED]"}, "commit"=>"Sign up"}
Redirected to http://localhost:3000/
Completed 302 Found in 211ms


Started GET "/" for 127.0.0.1 at 2010-10-05 19:23:29 +0800
  Processing by HomeController#index as HTML
Rendered home/index.html.erb within layouts/application (49.2ms)
Completed 200 OK in 58ms (Views: 57.4ms)


Started GET "/users/sign_out" for 127.0.0.1 at 2010-10-05 19:23:31 +0800
  Processing by Devise::SessionsController#destroy as HTML
Redirected to http://localhost:3000/
Completed 302 Found in 4ms


Started GET "/" for 127.0.0.1 at 2010-10-05 19:23:31 +0800
  Processing by HomeController#index as HTML
Rendered home/index.html.erb within layouts/application (5.8ms)
Completed 200 OK in 14ms (Views: 13.7ms)


Started GET "/users/sign_in" for 127.0.0.1 at 2010-10-05 19:23:33 +0800
  Processing by Devise::SessionsController#new as HTML
Rendered devise/shared/_links.erb (2.7ms)
Rendered devise/sessions/new.html.erb within layouts/application (15.9ms)
Completed 200 OK in 26ms (Views: 24.0ms)


Started POST "/users/sign_in" for 127.0.0.1 at 2010-10-05 19:23:41 +0800
  Processing by Devise::SessionsController#create as HTML
  Parameters: {"utf8"=>"✓", "authenticity_token"=>"upZ1LYINxsNMRLwlijf+Clums2A0TQqy8IjyZzz1R4o=", "user"=>{"email"=>"123", "password"=>"[FILTERED]", "remember_me"=>"0"}, "commit"=>"Sign in"}
Completed   in 1ms
  Processing by Devise::SessionsController#new as HTML
  Parameters: {"utf8"=>"✓", "authenticity_token"=>"upZ1LYINxsNMRLwlijf+Clums2A0TQqy8IjyZzz1R4o=", "user"=>{"email"=>"123", "password"=>"[FILTERED]", "remember_me"=>"0"}, "commit"=>"Sign in"}
Rendered devise/shared/_links.erb (2.7ms)
Rendered devise/sessions/new.html.erb within layouts/application (15.2ms)
Completed 200 OK in 25ms (Views: 23.4ms)


Started POST "/users/sign_in" for 127.0.0.1 at 2010-10-05 19:23:50 +0800
  Processing by Devise::SessionsController#create as HTML
  Parameters: {"utf8"=>"✓", "authenticity_token"=>"upZ1LYINxsNMRLwlijf+Clums2A0TQqy8IjyZzz1R4o=", "user"=>{"email"=>"123@yahoo.com", "password"=>"[FILTERED]", "remember_me"=>"0"}, "commit"=>"Sign in"}
Redirected to http://localhost:3000/
Completed 302 Found in 203ms


Started GET "/" for 127.0.0.1 at 2010-10-05 19:23:51 +0800
  Processing by HomeController#index as HTML
Rendered home/index.html.erb within layouts/application (7.5ms)
Completed 200 OK in 25ms (Views: 24.0ms)
